#
# There is insufficient memory for the Java Runtime Environment to continue.
# Native memory allocation (mmap) failed to map 132120576 bytes for G1 virtual space
# Possible reasons:
#   The system is out of physical RAM or swap space
#   The process is running with CompressedOops enabled, and the Java Heap may be blocking the growth of the native heap
# Possible solutions:
#   Reduce memory load on the system
#   Increase physical memory or swap space
#   Check if swap backing store is full
#   Decrease Java heap size (-Xmx/-Xms)
#   Decrease number of Java threads
#   Decrease Java thread stack sizes (-Xss)
#   Set larger code cache with -XX:ReservedCodeCacheSize=
#   JVM is running with Unscaled Compressed Oops mode in which the Java heap is
#     placed in the first 4GB address space. The Java Heap base address is the
#     maximum limit for the native heap growth. Please use -XX:HeapBaseMinAddress
#     to set the Java Heap base and to place the Java Heap above 4GB virtual address.
# This output file may be truncated or incomplete.
#
#  Out of Memory Error (os_windows.cpp:3535), pid=25124, tid=25188
#
# JRE version:  (17.0.4.1+1) (build )
# Java VM: Java HotSpot(TM) 64-Bit Server VM (17.0.4.1+1-LTS-2, mixed mode, sharing, tiered, compressed oops, compressed class ptrs, g1 gc, windows-amd64)
# No core dump will be written. Minidumps are not enabled by default on client versions of Windows
#

---------------  S U M M A R Y ------------

Command Line: -Dfile.encoding=UTF-8 --module-path=C:\Users\UseR\Documents\NetBeansProjects\project\build\classes project.Project

Host: Intel(R) Core(TM) i5-10500T CPU @ 2.30GHz, 12 cores, 7G,  Windows 11 , 64 bit Build 22621 (10.0.22621.755)
Time: Sat Dec  3 12:41:10 2022 Bangladesh Standard Time elapsed time: 0.007987 seconds (0d 0h 0m 0s)

---------------  T H R E A D  ---------------

Current thread (0x000001b8895f9670):  JavaThread "Unknown thread" [_thread_in_vm, id=25188, stack(0x0000007866900000,0x0000007866a00000)]

Stack: [0x0000007866900000,0x0000007866a00000]
Native frames: (J=compiled Java code, j=interpreted, Vv=VM code, C=native code)
V  [jvm.dll+0x6723ba]
V  [jvm.dll+0x7d1e34]
V  [jvm.dll+0x7d35de]
V  [jvm.dll+0x7d3c43]
V  [jvm.dll+0x243065]
V  [jvm.dll+0x66f2d9]
V  [jvm.dll+0x663c22]
V  [jvm.dll+0x3011cb]
V  [jvm.dll+0x308766]
V  [jvm.dll+0x35846e]
V  [jvm.dll+0x35869f]
V  [jvm.dll+0x2d83e8]
V  [jvm.dll+0x2d9354]
V  [jvm.dll+0x7a3911]
V  [jvm.dll+0x3662c1]
V  [jvm.dll+0x782d7c]
V  [jvm.dll+0x3e8c1f]
V  [jvm.dll+0x3ea6c1]
C  [jli.dll+0x527b]
C  [ucrtbase.dll+0x29363]
C  [KERNEL32.DLL+0x1244d]
C  [ntdll.dll+0x5dfb8]


---------------  P R O C E S S  ---------------

Threads class SMR info:
_java_thread_list=0x00007ff87166a858, length=0, elements={
}

Java Threads: ( => current thread )

Other Threads:
  0x000001b889651e90 GCTaskThread "GC Thread#0" [stack: 0x0000007866a00000,0x0000007866b00000] [id=25192]
  0x000001b889662690 ConcurrentGCThread "G1 Main Marker" [stack: 0x0000007866b00000,0x0000007866c00000] [id=25196]
  0x000001b889663200 ConcurrentGCThread "G1 Conc#0" [stack: 0x0000007866c00000,0x0000007866d00000] [id=25200]

[error occurred during error reporting (printing all threads), id 0xc0000005, EXCEPTION_ACCESS_VIOLATION (0xc0000005) at pc=0x00007ff870eb8dd7]

VM state: not at safepoint (not fully initialized)

VM Mutex/Monitor currently owned by a thread:  ([mutex/lock_event])
[0x000001b8895f5b50] Heap_lock - owner thread: 0x000001b8895f9670

Heap address: 0x0000000083a00000, size: 1990 MB, Compressed Oops mode: 32-bit

CDS archive(s) mapped at: [0x0000000000000000-0x0000000000000000-0x0000000000000000), size 0, SharedBaseAddress: 0x0000000800000000, ArchiveRelocationMode: 0.
Narrow klass base: 0x0000000000000000, Narrow klass shift: 0, Narrow klass range: 0x0

GC Precious Log:
<Empty>

Heap:
 garbage-first heap   total 0K, used 0K [0x0000000083a00000, 0x0000000100000000)
  region size 1024K, 0 young (0K), 0 survivors (0K)

[error occurred during error reporting (printing heap information), id 0xc0000005, EXCEPTION_ACCESS_VIOLATION (0xc0000005) at pc=0x00007ff87129b869]

GC Heap History (0 events):
No events

Deoptimization events (0 events):
No events

Classes unloaded (0 events):
No events

Classes redefined (0 events):
No events

Internal exceptions (0 events):
No events

VM Operations (0 events):
No events

Events (1 events):
Event: 0.005 Loaded shared library C:\Program Files\Java\jdk-17.0.4.1\bin\java.dll


Dynamic libraries:
0x00007ff68d000000 - 0x00007ff68d010000 	C:\Program Files\Java\jdk-17.0.4.1\bin\java.exe
0x00007ff8ae9b0000 - 0x00007ff8aebc4000 	C:\WINDOWS\SYSTEM32\ntdll.dll
0x00007ff8adec0000 - 0x00007ff8adf82000 	C:\WINDOWS\System32\KERNEL32.DLL
0x00007ff8ac230000 - 0x00007ff8ac5cd000 	C:\WINDOWS\System32\KERNELBASE.dll
0x00007ff8abde0000 - 0x00007ff8abef1000 	C:\WINDOWS\System32\ucrtbase.dll
0x00007ff8a0660000 - 0x00007ff8a067a000 	C:\Program Files\Java\jdk-17.0.4.1\bin\VCRUNTIME140.dll
0x00007ff894480000 - 0x00007ff894498000 	C:\Program Files\Java\jdk-17.0.4.1\bin\jli.dll
0x00007ff8ac940000 - 0x00007ff8ac9ee000 	C:\WINDOWS\System32\ADVAPI32.dll
0x00007ff8ac9f0000 - 0x00007ff8aca97000 	C:\WINDOWS\System32\msvcrt.dll
0x00007ff8ae090000 - 0x00007ff8ae134000 	C:\WINDOWS\System32\sechost.dll
0x00007ff8adc30000 - 0x00007ff8add45000 	C:\WINDOWS\System32\RPCRT4.dll
0x00007ff8ae6a0000 - 0x00007ff8ae84a000 	C:\WINDOWS\System32\USER32.dll
0x00007ff8ac160000 - 0x00007ff8ac186000 	C:\WINDOWS\System32\win32u.dll
0x00007ff88c390000 - 0x00007ff88c61e000 	C:\WINDOWS\WinSxS\amd64_microsoft.windows.common-controls_6595b64144ccf1df_6.0.22621.608_none_a9444ca7c10bb01d\COMCTL32.dll
0x00007ff8adac0000 - 0x00007ff8adae9000 	C:\WINDOWS\System32\GDI32.dll
0x00007ff8abf80000 - 0x00007ff8ac092000 	C:\WINDOWS\System32\gdi32full.dll
0x00007ff8ac190000 - 0x00007ff8ac22a000 	C:\WINDOWS\System32\msvcp_win.dll
0x00007ff8a0e60000 - 0x00007ff8a0e6a000 	C:\WINDOWS\SYSTEM32\VERSION.dll
0x00007ff8adbf0000 - 0x00007ff8adc22000 	C:\WINDOWS\System32\IMM32.DLL
0x00007ff8a47e0000 - 0x00007ff8a47ec000 	C:\Program Files\Java\jdk-17.0.4.1\bin\vcruntime140_1.dll
0x00007ff890350000 - 0x00007ff8903dd000 	C:\Program Files\Java\jdk-17.0.4.1\bin\msvcp140.dll
0x00007ff870bd0000 - 0x00007ff871792000 	C:\Program Files\Java\jdk-17.0.4.1\bin\server\jvm.dll
0x00007ff8ae140000 - 0x00007ff8ae148000 	C:\WINDOWS\System32\PSAPI.DLL
0x00007ff8952d0000 - 0x00007ff8952d9000 	C:\WINDOWS\SYSTEM32\WSOCK32.dll
0x00007ff8a0490000 - 0x00007ff8a04c4000 	C:\WINDOWS\SYSTEM32\WINMM.dll
0x00007ff8adb70000 - 0x00007ff8adbe1000 	C:\WINDOWS\System32\WS2_32.dll
0x00007ff8aae50000 - 0x00007ff8aae68000 	C:\WINDOWS\SYSTEM32\kernel.appcore.dll
0x00007ff8a4720000 - 0x00007ff8a472a000 	C:\Program Files\Java\jdk-17.0.4.1\bin\jimage.dll
0x00007ff8a3030000 - 0x00007ff8a325e000 	C:\WINDOWS\SYSTEM32\DBGHELP.DLL
0x00007ff8acd90000 - 0x00007ff8ad11a000 	C:\WINDOWS\System32\combase.dll
0x00007ff8add50000 - 0x00007ff8ade27000 	C:\WINDOWS\System32\OLEAUT32.dll
0x00007ff8904c0000 - 0x00007ff8904f2000 	C:\WINDOWS\SYSTEM32\dbgcore.DLL
0x00007ff8abf00000 - 0x00007ff8abf7b000 	C:\WINDOWS\System32\bcryptPrimitives.dll
0x00007ff899160000 - 0x00007ff899185000 	C:\Program Files\Java\jdk-17.0.4.1\bin\java.dll

dbghelp: loaded successfully - version: 4.0.5 - missing functions: none
symbol engine: initialized successfully - sym options: 0x614 - pdb path: .;C:\Program Files\Java\jdk-17.0.4.1\bin;C:\WINDOWS\SYSTEM32;C:\WINDOWS\WinSxS\amd64_microsoft.windows.common-controls_6595b64144ccf1df_6.0.22621.608_none_a9444ca7c10bb01d;C:\Program Files\Java\jdk-17.0.4.1\bin\server

VM Arguments:
jvm_args: -Dfile.encoding=UTF-8 --module-path=C:\Users\UseR\Documents\NetBeansProjects\project\build\classes 
java_command: project.Project
java_class_path (initial): C:\Users\UseR\Documents\NetBeansProjects\project\build\classes
Launcher Type: SUN_STANDARD

[Global flags]
     intx CICompilerCount                          = 4                                         {product} {ergonomic}
     uint ConcGCThreads                            = 3                                         {product} {ergonomic}
     uint G1ConcRefinementThreads                  = 10                                        {product} {ergonomic}
   size_t G1HeapRegionSize                         = 1048576                                   {product} {ergonomic}
    uintx GCDrainStackTargetSize                   = 64                                        {product} {ergonomic}
   size_t InitialHeapSize                          = 132120576                                 {product} {ergonomic}
   size_t MarkStackSize                            = 4194304                                   {product} {ergonomic}
   size_t MaxHeapSize                              = 2086666240                                {product} {ergonomic}
   size_t MinHeapDeltaBytes                        = 1048576                                   {product} {ergonomic}
   size_t MinHeapSize                              = 8388608                                   {product} {ergonomic}
    uintx NonNMethodCodeHeapSize                   = 5839372                                {pd product} {ergonomic}
    uintx NonProfiledCodeHeapSize                  = 122909434                              {pd product} {ergonomic}
    uintx ProfiledCodeHeapSize                     = 122909434                              {pd product} {ergonomic}
    uintx ReservedCodeCacheSize                    = 251658240                              {pd product} {ergonomic}
     bool SegmentedCodeCache                       = true                                      {product} {ergonomic}
   size_t SoftMaxHeapSize                          = 2086666240                             {manageable} {ergonomic}
     bool UseCompressedClassPointers               = true                           {product lp64_product} {ergonomic}
     bool UseCompressedOops                        = true                           {product lp64_product} {ergonomic}
     bool UseG1GC                                  = true                                      {product} {ergonomic}
     bool UseLargePagesIndividualAllocation        = false                                  {pd product} {ergonomic}

Logging:
Log output configuration:
 #0: stdout all=warning uptime,level,tags
 #1: stderr all=off uptime,level,tags

Environment Variables:
JAVA_HOME=C:\Program Files\Java\jdk-17.0.4.1
PATH=C:\Program Files\Common Files\Oracle\Java\javapath;C:\WINDOWS\system32;C:\WINDOWS;C:\WINDOWS\System32\Wbem;C:\WINDOWS\System32\WindowsPowerShell\v1.0\;C:\WINDOWS\System32\OpenSSH\;C:\Program Files\Java\jdk-17.0.4.1\bin;C:\Program Files\x86_64-12.2.0-release-posix-seh-rt_v10-rev0\mingw64\bin;C:\msys64\mingw64\bin;C:\msys64\usr\bin;C:\Users\UseR\AppData\Local\Microsoft\WindowsApps;C:\Users\UseR\AppData\Local\Programs\Microsoft VS Code\bin;C:\msys64\mingw64\bin;;C:\Program Files\JetBrains\IntelliJ IDEA Community Edition 2022.2.3\bin;
USERNAME=UseR
OS=Windows_NT
PROCESSOR_IDENTIFIER=Intel64 Family 6 Model 165 Stepping 3, GenuineIntel



---------------  S Y S T E M  ---------------

OS:
 Windows 11 , 64 bit Build 22621 (10.0.22621.755)
OS uptime: 1 days 15:35 hours

CPU: total 12 (initial active 12) (6 cores per cpu, 2 threads per core) family 6 model 165 stepping 3 microcode 0xea, cx8, cmov, fxsr, ht, mmx, 3dnowpref, sse, sse2, sse3, ssse3, sse4.1, sse4.2, popcnt, lzcnt, tsc, tscinvbit, avx, avx2, aes, erms, clmul, bmi1, bmi2, adx, fma, vzeroupper, clflush, clflushopt

Memory: 4k page, system-wide physical 7954M (188M free)
TotalPageFile size 32530M (AvailPageFile size 53M)
current process WorkingSet (physical memory assigned to process): 11M, peak: 11M
current process commit charge ("private bytes"): 64M, peak: 190M

vm_info: Java HotSpot(TM) 64-Bit Server VM (17.0.4.1+1-LTS-2) for windows-amd64 JRE (17.0.4.1+1-LTS-2), built on Aug 16 2022 18:32:06 by "mach5one" with MS VC++ 16.8 / 16.9 (VS2019)

END.
