#
# There is insufficient memory for the Java Runtime Environment to continue.
# Native memory allocation (malloc) failed to allocate 1048576 bytes for AllocateHeap
# Possible reasons:
#   The system is out of physical RAM or swap space
#   The process is running with CompressedOops enabled, and the Java Heap may be blocking the growth of the native heap
# Possible solutions:
#   Reduce memory load on the system
#   Increase physical memory or swap space
#   Check if swap backing store is full
#   Decrease Java heap size (-Xmx/-Xms)
#   Decrease number of Java threads
#   Decrease Java thread stack sizes (-Xss)
#   Set larger code cache with -XX:ReservedCodeCacheSize=
#   JVM is running with Unscaled Compressed Oops mode in which the Java heap is
#     placed in the first 4GB address space. The Java Heap base address is the
#     maximum limit for the native heap growth. Please use -XX:HeapBaseMinAddress
#     to set the Java Heap base and to place the Java Heap above 4GB virtual address.
# This output file may be truncated or incomplete.
#
#  Out of Memory Error (allocation.cpp:44), pid=25940, tid=21808
#
# JRE version:  (17.0.4.1+1) (build )
# Java VM: Java HotSpot(TM) 64-Bit Server VM (17.0.4.1+1-LTS-2, mixed mode, sharing, tiered, compressed oops, compressed class ptrs, g1 gc, windows-amd64)
# No core dump will be written. Minidumps are not enabled by default on client versions of Windows
#

---------------  S U M M A R Y ------------

Command Line: -Dfile.encoding=UTF-8 --module-path=D:\project9\project\build\classes Login

Host: Intel(R) Core(TM) i5-10500T CPU @ 2.30GHz, 12 cores, 7G,  Windows 11 , 64 bit Build 22621 (10.0.22621.900)
Time: Wed Dec 14 00:46:15 2022 Bangladesh Standard Time elapsed time: 0.013814 seconds (0d 0h 0m 0s)

---------------  T H R E A D  ---------------

Current thread (0x000002f509b69220):  JavaThread "Unknown thread" [_thread_in_vm, id=21808, stack(0x000000f5f0400000,0x000000f5f0500000)]

Stack: [0x000000f5f0400000,0x000000f5f0500000]
Native frames: (J=compiled Java code, j=interpreted, Vv=VM code, C=native code)
V  [jvm.dll+0x6723ba]
V  [jvm.dll+0x7d1e34]
V  [jvm.dll+0x7d35de]
V  [jvm.dll+0x7d3c43]
V  [jvm.dll+0x243065]
V  [jvm.dll+0xa4b93]
V  [jvm.dll+0x2d4174]
V  [jvm.dll+0x7a38dc]
V  [jvm.dll+0x3662c1]
V  [jvm.dll+0x782d7c]
V  [jvm.dll+0x3e8c1f]
V  [jvm.dll+0x3ea6c1]
C  [jli.dll+0x527b]
C  [ucrtbase.dll+0x29363]
C  [KERNEL32.DLL+0x1247d]
C  [ntdll.dll+0x5dfb8]


---------------  P R O C E S S  ---------------

Threads class SMR info:
_java_thread_list=0x00007ffff577a858, length=0, elements={
}

Java Threads: ( => current thread )

Other Threads:

=>0x000002f509b69220 (exited) JavaThread "Unknown thread" [_thread_in_vm, id=21808, stack(0x000000f5f0400000,0x000000f5f0500000)]

Threads with active compile tasks:

VM state: not at safepoint (not fully initialized)

VM Mutex/Monitor currently owned by a thread: None

Heap address: 0x0000000000000000, size: 0 MB, Compressed Oops mode: 32-bit

CDS archive(s) mapped at: [0x0000000000000000-0x0000000000000000-0x0000000000000000), size 0, SharedBaseAddress: 0x0000000800000000, ArchiveRelocationMode: 0.
Narrow klass base: 0x0000000000000000, Narrow klass shift: 0, Narrow klass range: 0x0

GC Precious Log:
<Empty>

GC Heap History (0 events):
No events

Deoptimization events (0 events):
No events

Classes unloaded (0 events):
No events

Classes redefined (0 events):
No events

Internal exceptions (0 events):
No events

VM Operations (0 events):
No events

Events (1 events):
Event: 0.009 Loaded shared library C:\Program Files\Java\jdk-17.0.4.1\bin\java.dll


Dynamic libraries:
0x00007ff7d5dd0000 - 0x00007ff7d5de0000 	C:\Program Files\Java\jdk-17.0.4.1\bin\java.exe
0x00007ff843650000 - 0x00007ff843864000 	C:\WINDOWS\SYSTEM32\ntdll.dll
0x00007ff842920000 - 0x00007ff8429e2000 	C:\WINDOWS\System32\KERNEL32.DLL
0x00007ff8410a0000 - 0x00007ff84143d000 	C:\WINDOWS\System32\KERNELBASE.dll
0x00007ff840b90000 - 0x00007ff840ca1000 	C:\WINDOWS\System32\ucrtbase.dll
0x00007ff835930000 - 0x00007ff83594a000 	C:\Program Files\Java\jdk-17.0.4.1\bin\VCRUNTIME140.dll
0x00007ff820370000 - 0x00007ff820388000 	C:\Program Files\Java\jdk-17.0.4.1\bin\jli.dll
0x00007ff841440000 - 0x00007ff8414ee000 	C:\WINDOWS\System32\ADVAPI32.dll
0x00007ff843090000 - 0x00007ff843137000 	C:\WINDOWS\System32\msvcrt.dll
0x00007ff842e10000 - 0x00007ff842eb4000 	C:\WINDOWS\System32\sechost.dll
0x00007ff842cf0000 - 0x00007ff842e05000 	C:\WINDOWS\System32\RPCRT4.dll
0x00007ff841df0000 - 0x00007ff841f9d000 	C:\WINDOWS\System32\USER32.dll
0x00007ff840d20000 - 0x00007ff840d46000 	C:\WINDOWS\System32\win32u.dll
0x00007ff825820000 - 0x00007ff825aae000 	C:\WINDOWS\WinSxS\amd64_microsoft.windows.common-controls_6595b64144ccf1df_6.0.22621.608_none_a9444ca7c10bb01d\COMCTL32.dll
0x00007ff843060000 - 0x00007ff843089000 	C:\WINDOWS\System32\GDI32.dll
0x00007ff840ec0000 - 0x00007ff840fd2000 	C:\WINDOWS\System32\gdi32full.dll
0x00007ff840af0000 - 0x00007ff840b8a000 	C:\WINDOWS\System32\msvcp_win.dll
0x00007ff835680000 - 0x00007ff83568a000 	C:\WINDOWS\SYSTEM32\VERSION.dll
0x00007ff8429f0000 - 0x00007ff842a22000 	C:\WINDOWS\System32\IMM32.DLL
0x00007ff8376d0000 - 0x00007ff8376dc000 	C:\Program Files\Java\jdk-17.0.4.1\bin\vcruntime140_1.dll
0x00007ff818390000 - 0x00007ff81841d000 	C:\Program Files\Java\jdk-17.0.4.1\bin\msvcp140.dll
0x00007ffff4ce0000 - 0x00007ffff58a2000 	C:\Program Files\Java\jdk-17.0.4.1\bin\server\jvm.dll
0x00007ff8431a0000 - 0x00007ff8431a8000 	C:\WINDOWS\System32\PSAPI.DLL
0x00007ff838c50000 - 0x00007ff838c59000 	C:\WINDOWS\SYSTEM32\WSOCK32.dll
0x00007ff8355d0000 - 0x00007ff835604000 	C:\WINDOWS\SYSTEM32\WINMM.dll
0x00007ff841fa0000 - 0x00007ff842011000 	C:\WINDOWS\System32\WS2_32.dll
0x00007ff83fad0000 - 0x00007ff83fae8000 	C:\WINDOWS\SYSTEM32\kernel.appcore.dll
0x00007ff835920000 - 0x00007ff83592a000 	C:\Program Files\Java\jdk-17.0.4.1\bin\jimage.dll
0x00007ff83b460000 - 0x00007ff83b68e000 	C:\WINDOWS\SYSTEM32\DBGHELP.DLL
0x00007ff842590000 - 0x00007ff84291a000 	C:\WINDOWS\System32\combase.dll
0x00007ff842f80000 - 0x00007ff843057000 	C:\WINDOWS\System32\OLEAUT32.dll
0x00007ff82aa30000 - 0x00007ff82aa62000 	C:\WINDOWS\SYSTEM32\dbgcore.DLL
0x00007ff840a70000 - 0x00007ff840aeb000 	C:\WINDOWS\System32\bcryptPrimitives.dll
0x00007ff8270d0000 - 0x00007ff8270f5000 	C:\Program Files\Java\jdk-17.0.4.1\bin\java.dll

dbghelp: loaded successfully - version: 4.0.5 - missing functions: none
symbol engine: initialized successfully - sym options: 0x614 - pdb path: .;C:\Program Files\Java\jdk-17.0.4.1\bin;C:\WINDOWS\SYSTEM32;C:\WINDOWS\WinSxS\amd64_microsoft.windows.common-controls_6595b64144ccf1df_6.0.22621.608_none_a9444ca7c10bb01d;C:\Program Files\Java\jdk-17.0.4.1\bin\server

VM Arguments:
jvm_args: -Dfile.encoding=UTF-8 --module-path=D:\project9\project\build\classes 
java_command: Login
java_class_path (initial): C:\Users\UseR\Downloads\mysql-connector-java-8.0.28.jar;C:\Users\UseR\Downloads\mysql-connector-java-8.0.17\mysql-connector-java-8.0.17\mysql-connector-java-8.0.17.jar;C:\Users\UseR\Downloads\mysql-connector-java-8.0.17.zip;D:\project9\project\build\classes
Launcher Type: SUN_STANDARD

[Global flags]
     intx CICompilerCount                          = 4                                         {product} {ergonomic}
     uint ConcGCThreads                            = 3                                         {product} {ergonomic}
     uint G1ConcRefinementThreads                  = 10                                        {product} {ergonomic}
   size_t G1HeapRegionSize                         = 1048576                                   {product} {ergonomic}
    uintx GCDrainStackTargetSize                   = 64                                        {product} {ergonomic}
   size_t InitialHeapSize                          = 132120576                                 {product} {ergonomic}
   size_t MarkStackSize                            = 4194304                                   {product} {ergonomic}
   size_t MaxHeapSize                              = 2086666240                                {product} {ergonomic}
   size_t MinHeapDeltaBytes                        = 1048576                                   {product} {ergonomic}
   size_t MinHeapSize                              = 8388608                                   {product} {ergonomic}
    uintx NonNMethodCodeHeapSize                   = 5839372                                {pd product} {ergonomic}
    uintx NonProfiledCodeHeapSize                  = 122909434                              {pd product} {ergonomic}
    uintx ProfiledCodeHeapSize                     = 122909434                              {pd product} {ergonomic}
    uintx ReservedCodeCacheSize                    = 251658240                              {pd product} {ergonomic}
     bool SegmentedCodeCache                       = true                                      {product} {ergonomic}
   size_t SoftMaxHeapSize                          = 2086666240                             {manageable} {ergonomic}
     bool UseCompressedClassPointers               = true                           {product lp64_product} {ergonomic}
     bool UseCompressedOops                        = true                           {product lp64_product} {ergonomic}
     bool UseG1GC                                  = true                                      {product} {ergonomic}
     bool UseLargePagesIndividualAllocation        = false                                  {pd product} {ergonomic}

Logging:
Log output configuration:
 #0: stdout all=warning uptime,level,tags
 #1: stderr all=off uptime,level,tags

Environment Variables:
JAVA_HOME=C:\Program Files\Java\jdk-17.0.4.1
PATH=C:\Program Files\Common Files\Oracle\Java\javapath;C:\WINDOWS\system32;C:\WINDOWS;C:\WINDOWS\System32\Wbem;C:\WINDOWS\System32\WindowsPowerShell\v1.0\;C:\WINDOWS\System32\OpenSSH\;C:\Program Files\Java\jdk-17.0.4.1\bin;C:\Program Files\x86_64-12.2.0-release-posix-seh-rt_v10-rev0\mingw64\bin;C:\msys64\mingw64\bin;C:\msys64\usr\bin;C:\Program Files\MySQL\MySQL Shell 8.0\bin\;C:\Users\UseR\AppData\Local\Microsoft\WindowsApps;C:\Users\UseR\AppData\Local\Programs\Microsoft VS Code\bin;C:\msys64\mingw64\bin;C:\Program Files\JetBrains\IntelliJ IDEA Community Edition 2022.2.3\bin;;
USERNAME=UseR
OS=Windows_NT
PROCESSOR_IDENTIFIER=Intel64 Family 6 Model 165 Stepping 3, GenuineIntel



---------------  S Y S T E M  ---------------

OS:
 Windows 11 , 64 bit Build 22621 (10.0.22621.900)
OS uptime: 2 days 0:47 hours

CPU: total 12 (initial active 12) (6 cores per cpu, 2 threads per core) family 6 model 165 stepping 3 microcode 0xea, cx8, cmov, fxsr, ht, mmx, 3dnowpref, sse, sse2, sse3, ssse3, sse4.1, sse4.2, popcnt, lzcnt, tsc, tscinvbit, avx, avx2, aes, erms, clmul, bmi1, bmi2, adx, fma, vzeroupper, clflush, clflushopt

Memory: 4k page, system-wide physical 7954M (442M free)
TotalPageFile size 32530M (AvailPageFile size 5M)
current process WorkingSet (physical memory assigned to process): 10M, peak: 10M
current process commit charge ("private bytes"): 20M, peak: 21M

vm_info: Java HotSpot(TM) 64-Bit Server VM (17.0.4.1+1-LTS-2) for windows-amd64 JRE (17.0.4.1+1-LTS-2), built on Aug 16 2022 18:32:06 by "mach5one" with MS VC++ 16.8 / 16.9 (VS2019)

END.
