#
# There is insufficient memory for the Java Runtime Environment to continue.
# Native memory allocation (mmap) failed to map 132120576 bytes for G1 virtual space
# Possible reasons:
#   The system is out of physical RAM or swap space
#   The process is running with CompressedOops enabled, and the Java Heap may be blocking the growth of the native heap
# Possible solutions:
#   Reduce memory load on the system
#   Increase physical memory or swap space
#   Check if swap backing store is full
#   Decrease Java heap size (-Xmx/-Xms)
#   Decrease number of Java threads
#   Decrease Java thread stack sizes (-Xss)
#   Set larger code cache with -XX:ReservedCodeCacheSize=
#   JVM is running with Unscaled Compressed Oops mode in which the Java heap is
#     placed in the first 4GB address space. The Java Heap base address is the
#     maximum limit for the native heap growth. Please use -XX:HeapBaseMinAddress
#     to set the Java Heap base and to place the Java Heap above 4GB virtual address.
# This output file may be truncated or incomplete.
#
#  Out of Memory Error (os_windows.cpp:3535), pid=12000, tid=18692
#
# JRE version:  (17.0.4.1+1) (build )
# Java VM: Java HotSpot(TM) 64-Bit Server VM (17.0.4.1+1-LTS-2, mixed mode, sharing, tiered, compressed oops, compressed class ptrs, g1 gc, windows-amd64)
# No core dump will be written. Minidumps are not enabled by default on client versions of Windows
#

---------------  S U M M A R Y ------------

Command Line: -Dfile.encoding=UTF-8 --module-path=D:\project9\project\build\classes Chatbot

Host: Intel(R) Core(TM) i5-10500T CPU @ 2.30GHz, 12 cores, 7G,  Windows 11 , 64 bit Build 22621 (10.0.22621.900)
Time: Thu Dec 15 01:32:59 2022 Bangladesh Standard Time elapsed time: 0.010786 seconds (0d 0h 0m 0s)

---------------  T H R E A D  ---------------

Current thread (0x000001fb1d668d30):  JavaThread "Unknown thread" [_thread_in_vm, id=18692, stack(0x000000c403400000,0x000000c403500000)]

Stack: [0x000000c403400000,0x000000c403500000]
Native frames: (J=compiled Java code, j=interpreted, Vv=VM code, C=native code)
V  [jvm.dll+0x6723ba]
V  [jvm.dll+0x7d1e34]
V  [jvm.dll+0x7d35de]
V  [jvm.dll+0x7d3c43]
V  [jvm.dll+0x243065]
V  [jvm.dll+0x66f2d9]
V  [jvm.dll+0x663c22]
V  [jvm.dll+0x3011cb]
V  [jvm.dll+0x308766]
V  [jvm.dll+0x35846e]
V  [jvm.dll+0x35869f]
V  [jvm.dll+0x2d83e8]
V  [jvm.dll+0x2d9354]
V  [jvm.dll+0x7a3911]
V  [jvm.dll+0x3662c1]
V  [jvm.dll+0x782d7c]
V  [jvm.dll+0x3e8c1f]
V  [jvm.dll+0x3ea6c1]
C  [jli.dll+0x527b]
C  [ucrtbase.dll+0x29363]
C  [KERNEL32.DLL+0x1247d]
C  [ntdll.dll+0x5dfb8]


---------------  P R O C E S S  ---------------

Threads class SMR info:
_java_thread_list=0x00007ff843b5a858, length=0, elements={
}

Java Threads: ( => current thread )

Other Threads:
  0x000001fb1d6c2360 GCTaskThread "GC Thread#0" [stack: 0x000000c403500000,0x000000c403600000] [id=24640]
  0x000001fb1d6d2b60 ConcurrentGCThread "G1 Main Marker" [stack: 0x000000c403600000,0x000000c403700000] [id=23896]
  0x000001fb1d6d36d0 ConcurrentGCThread "G1 Conc#0" [stack: 0x000000c403700000,0x000000c403800000] [id=22568]

[error occurred during error reporting (printing all threads), id 0xc0000005, EXCEPTION_ACCESS_VIOLATION (0xc0000005) at pc=0x00007ff8433a8dd7]

VM state: not at safepoint (not fully initialized)

VM Mutex/Monitor currently owned by a thread:  ([mutex/lock_event])
[0x000001fb1d665040] Heap_lock - owner thread: 0x000001fb1d668d30

Heap address: 0x0000000083a00000, size: 1990 MB, Compressed Oops mode: 32-bit

CDS archive(s) mapped at: [0x0000000000000000-0x0000000000000000-0x0000000000000000), size 0, SharedBaseAddress: 0x0000000800000000, ArchiveRelocationMode: 0.
Narrow klass base: 0x0000000000000000, Narrow klass shift: 0, Narrow klass range: 0x0

GC Precious Log:
<Empty>

Heap:
 garbage-first heap   total 0K, used 0K [0x0000000083a00000, 0x0000000100000000)
  region size 1024K, 0 young (0K), 0 survivors (0K)

[error occurred during error reporting (printing heap information), id 0xc0000005, EXCEPTION_ACCESS_VIOLATION (0xc0000005) at pc=0x00007ff84378b869]

GC Heap History (0 events):
No events

Deoptimization events (0 events):
No events

Classes unloaded (0 events):
No events

Classes redefined (0 events):
No events

Internal exceptions (0 events):
No events

VM Operations (0 events):
No events

Events (1 events):
Event: 0.006 Loaded shared library C:\Program Files\Java\jdk-17.0.4.1\bin\java.dll


Dynamic libraries:
0x00007ff74a5a0000 - 0x00007ff74a5b0000 	C:\Program Files\Java\jdk-17.0.4.1\bin\java.exe
0x00007ff89c9d0000 - 0x00007ff89cbe4000 	C:\WINDOWS\SYSTEM32\ntdll.dll
0x00007ff89a820000 - 0x00007ff89a8e2000 	C:\WINDOWS\System32\KERNEL32.DLL
0x00007ff899df0000 - 0x00007ff89a18d000 	C:\WINDOWS\System32\KERNELBASE.dll
0x00007ff89a540000 - 0x00007ff89a651000 	C:\WINDOWS\System32\ucrtbase.dll
0x00007ff880620000 - 0x00007ff88063a000 	C:\Program Files\Java\jdk-17.0.4.1\bin\VCRUNTIME140.dll
0x00007ff892730000 - 0x00007ff892748000 	C:\Program Files\Java\jdk-17.0.4.1\bin\jli.dll
0x00007ff89ace0000 - 0x00007ff89ad8e000 	C:\WINDOWS\System32\ADVAPI32.dll
0x00007ff89b0e0000 - 0x00007ff89b187000 	C:\WINDOWS\System32\msvcrt.dll
0x00007ff89c8a0000 - 0x00007ff89c944000 	C:\WINDOWS\System32\sechost.dll
0x00007ff89abc0000 - 0x00007ff89acd5000 	C:\WINDOWS\System32\RPCRT4.dll
0x00007ff89ae90000 - 0x00007ff89b03d000 	C:\WINDOWS\System32\USER32.dll
0x00007ff89a190000 - 0x00007ff89a1b6000 	C:\WINDOWS\System32\win32u.dll
0x00007ff87dbd0000 - 0x00007ff87de5e000 	C:\WINDOWS\WinSxS\amd64_microsoft.windows.common-controls_6595b64144ccf1df_6.0.22621.608_none_a9444ca7c10bb01d\COMCTL32.dll
0x00007ff89b050000 - 0x00007ff89b079000 	C:\WINDOWS\System32\GDI32.dll
0x00007ff89a1c0000 - 0x00007ff89a2d2000 	C:\WINDOWS\System32\gdi32full.dll
0x00007ff89a720000 - 0x00007ff89a7ba000 	C:\WINDOWS\System32\msvcp_win.dll
0x00007ff88f6c0000 - 0x00007ff88f6ca000 	C:\WINDOWS\SYSTEM32\VERSION.dll
0x00007ff89c950000 - 0x00007ff89c982000 	C:\WINDOWS\System32\IMM32.DLL
0x00007ff882d00000 - 0x00007ff882d0c000 	C:\Program Files\Java\jdk-17.0.4.1\bin\vcruntime140_1.dll
0x00007ff863260000 - 0x00007ff8632ed000 	C:\Program Files\Java\jdk-17.0.4.1\bin\msvcp140.dll
0x00007ff8430c0000 - 0x00007ff843c82000 	C:\Program Files\Java\jdk-17.0.4.1\bin\server\jvm.dll
0x00007ff89b210000 - 0x00007ff89b218000 	C:\WINDOWS\System32\PSAPI.DLL
0x00007ff887560000 - 0x00007ff887569000 	C:\WINDOWS\SYSTEM32\WSOCK32.dll
0x00007ff88e880000 - 0x00007ff88e8b4000 	C:\WINDOWS\SYSTEM32\WINMM.dll
0x00007ff89b190000 - 0x00007ff89b201000 	C:\WINDOWS\System32\WS2_32.dll
0x00007ff898e50000 - 0x00007ff898e68000 	C:\WINDOWS\SYSTEM32\kernel.appcore.dll
0x00007ff881c10000 - 0x00007ff881c1a000 	C:\Program Files\Java\jdk-17.0.4.1\bin\jimage.dll
0x00007ff891c30000 - 0x00007ff891e5e000 	C:\WINDOWS\SYSTEM32\DBGHELP.DLL
0x00007ff89c1b0000 - 0x00007ff89c53a000 	C:\WINDOWS\System32\combase.dll
0x00007ff89ba10000 - 0x00007ff89bae7000 	C:\WINDOWS\System32\OLEAUT32.dll
0x00007ff884f80000 - 0x00007ff884fb2000 	C:\WINDOWS\SYSTEM32\dbgcore.DLL
0x00007ff89a450000 - 0x00007ff89a4cb000 	C:\WINDOWS\System32\bcryptPrimitives.dll
0x00007ff87f6e0000 - 0x00007ff87f705000 	C:\Program Files\Java\jdk-17.0.4.1\bin\java.dll

dbghelp: loaded successfully - version: 4.0.5 - missing functions: none
symbol engine: initialized successfully - sym options: 0x614 - pdb path: .;C:\Program Files\Java\jdk-17.0.4.1\bin;C:\WINDOWS\SYSTEM32;C:\WINDOWS\WinSxS\amd64_microsoft.windows.common-controls_6595b64144ccf1df_6.0.22621.608_none_a9444ca7c10bb01d;C:\Program Files\Java\jdk-17.0.4.1\bin\server

VM Arguments:
jvm_args: -Dfile.encoding=UTF-8 --module-path=D:\project9\project\build\classes 
java_command: Chatbot
java_class_path (initial): C:\Users\UseR\Downloads\mysql-connector-java-8.0.28.jar;C:\Users\UseR\Downloads\mysql-connector-java-8.0.17\mysql-connector-java-8.0.17\mysql-connector-java-8.0.17.jar;C:\Users\UseR\Downloads\mysql-connector-java-8.0.17.zip;D:\project9\project\build\classes
Launcher Type: SUN_STANDARD

[Global flags]
     intx CICompilerCount                          = 4                                         {product} {ergonomic}
     uint ConcGCThreads                            = 3                                         {product} {ergonomic}
     uint G1ConcRefinementThreads                  = 10                                        {product} {ergonomic}
   size_t G1HeapRegionSize                         = 1048576                                   {product} {ergonomic}
    uintx GCDrainStackTargetSize                   = 64                                        {product} {ergonomic}
   size_t InitialHeapSize                          = 132120576                                 {product} {ergonomic}
   size_t MarkStackSize                            = 4194304                                   {product} {ergonomic}
   size_t MaxHeapSize                              = 2086666240                                {product} {ergonomic}
   size_t MinHeapDeltaBytes                        = 1048576                                   {product} {ergonomic}
   size_t MinHeapSize                              = 8388608                                   {product} {ergonomic}
    uintx NonNMethodCodeHeapSize                   = 5839372                                {pd product} {ergonomic}
    uintx NonProfiledCodeHeapSize                  = 122909434                              {pd product} {ergonomic}
    uintx ProfiledCodeHeapSize                     = 122909434                              {pd product} {ergonomic}
    uintx ReservedCodeCacheSize                    = 251658240                              {pd product} {ergonomic}
     bool SegmentedCodeCache                       = true                                      {product} {ergonomic}
   size_t SoftMaxHeapSize                          = 2086666240                             {manageable} {ergonomic}
     bool UseCompressedClassPointers               = true                           {product lp64_product} {ergonomic}
     bool UseCompressedOops                        = true                           {product lp64_product} {ergonomic}
     bool UseG1GC                                  = true                                      {product} {ergonomic}
     bool UseLargePagesIndividualAllocation        = false                                  {pd product} {ergonomic}

Logging:
Log output configuration:
 #0: stdout all=warning uptime,level,tags
 #1: stderr all=off uptime,level,tags

Environment Variables:
JAVA_HOME=C:\Program Files\Java\jdk-17.0.4.1
PATH=C:\Program Files\Common Files\Oracle\Java\javapath;C:\WINDOWS\system32;C:\WINDOWS;C:\WINDOWS\System32\Wbem;C:\WINDOWS\System32\WindowsPowerShell\v1.0\;C:\WINDOWS\System32\OpenSSH\;C:\Program Files\Java\jdk-17.0.4.1\bin;C:\Program Files\x86_64-12.2.0-release-posix-seh-rt_v10-rev0\mingw64\bin;C:\msys64\mingw64\bin;C:\msys64\usr\bin;C:\Program Files\MySQL\MySQL Shell 8.0\bin\;C:\Users\UseR\AppData\Local\Microsoft\WindowsApps;C:\Users\UseR\AppData\Local\Programs\Microsoft VS Code\bin;C:\msys64\mingw64\bin;C:\Program Files\JetBrains\IntelliJ IDEA Community Edition 2022.2.3\bin;;
USERNAME=UseR
OS=Windows_NT
PROCESSOR_IDENTIFIER=Intel64 Family 6 Model 165 Stepping 3, GenuineIntel



---------------  S Y S T E M  ---------------

OS:
 Windows 11 , 64 bit Build 22621 (10.0.22621.900)
OS uptime: 0 days 3:56 hours

CPU: total 12 (initial active 12) (6 cores per cpu, 2 threads per core) family 6 model 165 stepping 3 microcode 0xea, cx8, cmov, fxsr, ht, mmx, 3dnowpref, sse, sse2, sse3, ssse3, sse4.1, sse4.2, popcnt, lzcnt, tsc, tscinvbit, avx, avx2, aes, erms, clmul, bmi1, bmi2, adx, fma, vzeroupper, clflush, clflushopt

Memory: 4k page, system-wide physical 7954M (612M free)
TotalPageFile size 32530M (AvailPageFile size 17M)
current process WorkingSet (physical memory assigned to process): 11M, peak: 11M
current process commit charge ("private bytes"): 64M, peak: 190M

vm_info: Java HotSpot(TM) 64-Bit Server VM (17.0.4.1+1-LTS-2) for windows-amd64 JRE (17.0.4.1+1-LTS-2), built on Aug 16 2022 18:32:06 by "mach5one" with MS VC++ 16.8 / 16.9 (VS2019)

END.
