#
# There is insufficient memory for the Java Runtime Environment to continue.
# Native memory allocation (malloc) failed to allocate 1048576 bytes for AllocateHeap
# Possible reasons:
#   The system is out of physical RAM or swap space
#   The process is running with CompressedOops enabled, and the Java Heap may be blocking the growth of the native heap
# Possible solutions:
#   Reduce memory load on the system
#   Increase physical memory or swap space
#   Check if swap backing store is full
#   Decrease Java heap size (-Xmx/-Xms)
#   Decrease number of Java threads
#   Decrease Java thread stack sizes (-Xss)
#   Set larger code cache with -XX:ReservedCodeCacheSize=
#   JVM is running with Unscaled Compressed Oops mode in which the Java heap is
#     placed in the first 4GB address space. The Java Heap base address is the
#     maximum limit for the native heap growth. Please use -XX:HeapBaseMinAddress
#     to set the Java Heap base and to place the Java Heap above 4GB virtual address.
# This output file may be truncated or incomplete.
#
#  Out of Memory Error (allocation.cpp:44), pid=14400, tid=25524
#
# JRE version:  (17.0.4.1+1) (build )
# Java VM: Java HotSpot(TM) 64-Bit Server VM (17.0.4.1+1-LTS-2, mixed mode, sharing, tiered, compressed oops, compressed class ptrs, g1 gc, windows-amd64)
# No core dump will be written. Minidumps are not enabled by default on client versions of Windows
#

---------------  S U M M A R Y ------------

Command Line: -Dfile.encoding=UTF-8 --module-path=C:\Users\UseR\Downloads\project\project\project\build\classes Addemployee

Host: Intel(R) Core(TM) i5-10500T CPU @ 2.30GHz, 12 cores, 7G,  Windows 11 , 64 bit Build 22621 (10.0.22621.900)
Time: Thu Dec  8 15:17:39 2022 Bangladesh Standard Time elapsed time: 0.010719 seconds (0d 0h 0m 0s)

---------------  T H R E A D  ---------------

Current thread (0x0000016808c88810):  JavaThread "Unknown thread" [_thread_in_vm, id=25524, stack(0x0000005e13e00000,0x0000005e13f00000)]

Stack: [0x0000005e13e00000,0x0000005e13f00000]
Native frames: (J=compiled Java code, j=interpreted, Vv=VM code, C=native code)
V  [jvm.dll+0x6723ba]
V  [jvm.dll+0x7d1e34]
V  [jvm.dll+0x7d35de]
V  [jvm.dll+0x7d3c43]
V  [jvm.dll+0x243065]
V  [jvm.dll+0xa4b93]
V  [jvm.dll+0x2d4174]
V  [jvm.dll+0x7a38dc]
V  [jvm.dll+0x3662c1]
V  [jvm.dll+0x782d7c]
V  [jvm.dll+0x3e8c1f]
V  [jvm.dll+0x3ea6c1]
C  [jli.dll+0x527b]
C  [ucrtbase.dll+0x29363]
C  [KERNEL32.DLL+0x1247d]
C  [ntdll.dll+0x5dfb8]


---------------  P R O C E S S  ---------------

Threads class SMR info:
_java_thread_list=0x00007ffeaacea858, length=0, elements={
}

Java Threads: ( => current thread )

Other Threads:

=>0x0000016808c88810 (exited) JavaThread "Unknown thread" [_thread_in_vm, id=25524, stack(0x0000005e13e00000,0x0000005e13f00000)]

Threads with active compile tasks:

VM state: not at safepoint (not fully initialized)

VM Mutex/Monitor currently owned by a thread: None

Heap address: 0x0000000000000000, size: 0 MB, Compressed Oops mode: 32-bit

CDS archive(s) mapped at: [0x0000000000000000-0x0000000000000000-0x0000000000000000), size 0, SharedBaseAddress: 0x0000000800000000, ArchiveRelocationMode: 0.
Narrow klass base: 0x0000000000000000, Narrow klass shift: 0, Narrow klass range: 0x0

GC Precious Log:
<Empty>

GC Heap History (0 events):
No events

Deoptimization events (0 events):
No events

Classes unloaded (0 events):
No events

Classes redefined (0 events):
No events

Internal exceptions (0 events):
No events

VM Operations (0 events):
No events

Events (1 events):
Event: 0.006 Loaded shared library C:\Program Files\Java\jdk-17.0.4.1\bin\java.dll


Dynamic libraries:
0x00007ff7b8700000 - 0x00007ff7b8710000 	C:\Program Files\Java\jdk-17.0.4.1\bin\java.exe
0x00007fff188b0000 - 0x00007fff18ac4000 	C:\WINDOWS\SYSTEM32\ntdll.dll
0x00007fff178f0000 - 0x00007fff179b2000 	C:\WINDOWS\System32\KERNEL32.DLL
0x00007fff15ee0000 - 0x00007fff1627d000 	C:\WINDOWS\System32\KERNELBASE.dll
0x00007fff15cd0000 - 0x00007fff15de1000 	C:\WINDOWS\System32\ucrtbase.dll
0x00007fff01d80000 - 0x00007fff01d9a000 	C:\Program Files\Java\jdk-17.0.4.1\bin\VCRUNTIME140.dll
0x00007ffefffb0000 - 0x00007ffefffc8000 	C:\Program Files\Java\jdk-17.0.4.1\bin\jli.dll
0x00007fff17690000 - 0x00007fff1773e000 	C:\WINDOWS\System32\ADVAPI32.dll
0x00007fff17750000 - 0x00007fff177f7000 	C:\WINDOWS\System32\msvcrt.dll
0x00007fff18330000 - 0x00007fff183d4000 	C:\WINDOWS\System32\sechost.dll
0x00007fff180f0000 - 0x00007fff18205000 	C:\WINDOWS\System32\RPCRT4.dll
0x00007fff16b30000 - 0x00007fff16cdd000 	C:\WINDOWS\System32\USER32.dll
0x00007fff15eb0000 - 0x00007fff15ed6000 	C:\WINDOWS\System32\win32u.dll
0x00007ffef6700000 - 0x00007ffef698e000 	C:\WINDOWS\WinSxS\amd64_microsoft.windows.common-controls_6595b64144ccf1df_6.0.22621.608_none_a9444ca7c10bb01d\COMCTL32.dll
0x00007fff17fa0000 - 0x00007fff17fc9000 	C:\WINDOWS\System32\GDI32.dll
0x00007fff16410000 - 0x00007fff16522000 	C:\WINDOWS\System32\gdi32full.dll
0x00007fff16370000 - 0x00007fff1640a000 	C:\WINDOWS\System32\msvcp_win.dll
0x00007fff09db0000 - 0x00007fff09dba000 	C:\WINDOWS\SYSTEM32\VERSION.dll
0x00007fff167e0000 - 0x00007fff16812000 	C:\WINDOWS\System32\IMM32.DLL
0x00007fff01d70000 - 0x00007fff01d7c000 	C:\Program Files\Java\jdk-17.0.4.1\bin\vcruntime140_1.dll
0x00007ffef3cb0000 - 0x00007ffef3d3d000 	C:\Program Files\Java\jdk-17.0.4.1\bin\msvcp140.dll
0x00007ffeaa250000 - 0x00007ffeaae12000 	C:\Program Files\Java\jdk-17.0.4.1\bin\server\jvm.dll
0x00007fff16820000 - 0x00007fff16828000 	C:\WINDOWS\System32\PSAPI.DLL
0x00007fff01da0000 - 0x00007fff01da9000 	C:\WINDOWS\SYSTEM32\WSOCK32.dll
0x00007fff18210000 - 0x00007fff18281000 	C:\WINDOWS\System32\WS2_32.dll
0x00007fff0a130000 - 0x00007fff0a164000 	C:\WINDOWS\SYSTEM32\WINMM.dll
0x00007fff14d30000 - 0x00007fff14d48000 	C:\WINDOWS\SYSTEM32\kernel.appcore.dll
0x00007ffef83a0000 - 0x00007ffef83aa000 	C:\Program Files\Java\jdk-17.0.4.1\bin\jimage.dll
0x00007fff106c0000 - 0x00007fff108ee000 	C:\WINDOWS\SYSTEM32\DBGHELP.DLL
0x00007fff184e0000 - 0x00007fff1886a000 	C:\WINDOWS\System32\combase.dll
0x00007fff17810000 - 0x00007fff178e7000 	C:\WINDOWS\System32\OLEAUT32.dll
0x00007ffeffe40000 - 0x00007ffeffe72000 	C:\WINDOWS\SYSTEM32\dbgcore.DLL
0x00007fff162f0000 - 0x00007fff1636b000 	C:\WINDOWS\System32\bcryptPrimitives.dll
0x00007fff01d00000 - 0x00007fff01d25000 	C:\Program Files\Java\jdk-17.0.4.1\bin\java.dll

dbghelp: loaded successfully - version: 4.0.5 - missing functions: none
symbol engine: initialized successfully - sym options: 0x614 - pdb path: .;C:\Program Files\Java\jdk-17.0.4.1\bin;C:\WINDOWS\SYSTEM32;C:\WINDOWS\WinSxS\amd64_microsoft.windows.common-controls_6595b64144ccf1df_6.0.22621.608_none_a9444ca7c10bb01d;C:\Program Files\Java\jdk-17.0.4.1\bin\server

VM Arguments:
jvm_args: -Dfile.encoding=UTF-8 --module-path=C:\Users\UseR\Downloads\project\project\project\build\classes 
java_command: Addemployee
java_class_path (initial): C:\Users\UseR\Downloads\mysql-connector-java-8.0.28.jar;C:\Users\UseR\Downloads\mysql-connector-java-8.0.17.zip;C:\Users\UseR\Downloads\mysql-connector-java-8.0.17\mysql-connector-java-8.0.17\mysql-connector-java-8.0.17.jar;C:\Users\UseR\Downloads\project\project\project\build\classes
Launcher Type: SUN_STANDARD

[Global flags]
     intx CICompilerCount                          = 4                                         {product} {ergonomic}
     uint ConcGCThreads                            = 3                                         {product} {ergonomic}
     uint G1ConcRefinementThreads                  = 10                                        {product} {ergonomic}
   size_t G1HeapRegionSize                         = 1048576                                   {product} {ergonomic}
    uintx GCDrainStackTargetSize                   = 64                                        {product} {ergonomic}
   size_t InitialHeapSize                          = 132120576                                 {product} {ergonomic}
   size_t MarkStackSize                            = 4194304                                   {product} {ergonomic}
   size_t MaxHeapSize                              = 2086666240                                {product} {ergonomic}
   size_t MinHeapDeltaBytes                        = 1048576                                   {product} {ergonomic}
   size_t MinHeapSize                              = 8388608                                   {product} {ergonomic}
    uintx NonNMethodCodeHeapSize                   = 5839372                                {pd product} {ergonomic}
    uintx NonProfiledCodeHeapSize                  = 122909434                              {pd product} {ergonomic}
    uintx ProfiledCodeHeapSize                     = 122909434                              {pd product} {ergonomic}
    uintx ReservedCodeCacheSize                    = 251658240                              {pd product} {ergonomic}
     bool SegmentedCodeCache                       = true                                      {product} {ergonomic}
   size_t SoftMaxHeapSize                          = 2086666240                             {manageable} {ergonomic}
     bool UseCompressedClassPointers               = true                           {product lp64_product} {ergonomic}
     bool UseCompressedOops                        = true                           {product lp64_product} {ergonomic}
     bool UseG1GC                                  = true                                      {product} {ergonomic}
     bool UseLargePagesIndividualAllocation        = false                                  {pd product} {ergonomic}

Logging:
Log output configuration:
 #0: stdout all=warning uptime,level,tags
 #1: stderr all=off uptime,level,tags

Environment Variables:
JAVA_HOME=C:\Program Files\Java\jdk-17.0.4.1
PATH=C:\Program Files\Common Files\Oracle\Java\javapath;C:\WINDOWS\system32;C:\WINDOWS;C:\WINDOWS\System32\Wbem;C:\WINDOWS\System32\WindowsPowerShell\v1.0\;C:\WINDOWS\System32\OpenSSH\;C:\Program Files\Java\jdk-17.0.4.1\bin;C:\Program Files\x86_64-12.2.0-release-posix-seh-rt_v10-rev0\mingw64\bin;C:\msys64\mingw64\bin;C:\msys64\usr\bin;C:\Program Files\MySQL\MySQL Shell 8.0\bin\;C:\Users\UseR\AppData\Local\Microsoft\WindowsApps;C:\Users\UseR\AppData\Local\Programs\Microsoft VS Code\bin;C:\msys64\mingw64\bin;C:\Program Files\JetBrains\IntelliJ IDEA Community Edition 2022.2.3\bin;;
USERNAME=UseR
OS=Windows_NT
PROCESSOR_IDENTIFIER=Intel64 Family 6 Model 165 Stepping 3, GenuineIntel



---------------  S Y S T E M  ---------------

OS:
 Windows 11 , 64 bit Build 22621 (10.0.22621.900)
OS uptime: 2 days 19:49 hours

CPU: total 12 (initial active 12) (6 cores per cpu, 2 threads per core) family 6 model 165 stepping 3 microcode 0xea, cx8, cmov, fxsr, ht, mmx, 3dnowpref, sse, sse2, sse3, ssse3, sse4.1, sse4.2, popcnt, lzcnt, tsc, tscinvbit, avx, avx2, aes, erms, clmul, bmi1, bmi2, adx, fma, vzeroupper, clflush, clflushopt

Memory: 4k page, system-wide physical 7954M (998M free)
TotalPageFile size 32530M (AvailPageFile size 7M)
current process WorkingSet (physical memory assigned to process): 10M, peak: 10M
current process commit charge ("private bytes"): 14M, peak: 15M

vm_info: Java HotSpot(TM) 64-Bit Server VM (17.0.4.1+1-LTS-2) for windows-amd64 JRE (17.0.4.1+1-LTS-2), built on Aug 16 2022 18:32:06 by "mach5one" with MS VC++ 16.8 / 16.9 (VS2019)

END.
