#
# There is insufficient memory for the Java Runtime Environment to continue.
# Native memory allocation (mmap) failed to map 132120576 bytes for G1 virtual space
# Possible reasons:
#   The system is out of physical RAM or swap space
#   The process is running with CompressedOops enabled, and the Java Heap may be blocking the growth of the native heap
# Possible solutions:
#   Reduce memory load on the system
#   Increase physical memory or swap space
#   Check if swap backing store is full
#   Decrease Java heap size (-Xmx/-Xms)
#   Decrease number of Java threads
#   Decrease Java thread stack sizes (-Xss)
#   Set larger code cache with -XX:ReservedCodeCacheSize=
#   JVM is running with Unscaled Compressed Oops mode in which the Java heap is
#     placed in the first 4GB address space. The Java Heap base address is the
#     maximum limit for the native heap growth. Please use -XX:HeapBaseMinAddress
#     to set the Java Heap base and to place the Java Heap above 4GB virtual address.
# This output file may be truncated or incomplete.
#
#  Out of Memory Error (os_windows.cpp:3535), pid=15356, tid=23120
#
# JRE version:  (17.0.4.1+1) (build )
# Java VM: Java HotSpot(TM) 64-Bit Server VM (17.0.4.1+1-LTS-2, mixed mode, sharing, tiered, compressed oops, compressed class ptrs, g1 gc, windows-amd64)
# No core dump will be written. Minidumps are not enabled by default on client versions of Windows
#

---------------  S U M M A R Y ------------

Command Line: -Dfile.encoding=UTF-8 --module-path=D:\project14\project13\project\build\classes Searchroom

Host: Intel(R) Core(TM) i5-10500T CPU @ 2.30GHz, 12 cores, 7G,  Windows 11 , 64 bit Build 22621 (10.0.22621.963)
Time: Wed Dec 21 23:12:37 2022 Bangladesh Standard Time elapsed time: 0.010142 seconds (0d 0h 0m 0s)

---------------  T H R E A D  ---------------

Current thread (0x000001af2380b520):  JavaThread "Unknown thread" [_thread_in_vm, id=23120, stack(0x00000050d5f00000,0x00000050d6000000)]

Stack: [0x00000050d5f00000,0x00000050d6000000]
Native frames: (J=compiled Java code, j=interpreted, Vv=VM code, C=native code)
V  [jvm.dll+0x6723ba]
V  [jvm.dll+0x7d1e34]
V  [jvm.dll+0x7d35de]
V  [jvm.dll+0x7d3c43]
V  [jvm.dll+0x243065]
V  [jvm.dll+0x66f2d9]
V  [jvm.dll+0x663c22]
V  [jvm.dll+0x3011cb]
V  [jvm.dll+0x308766]
V  [jvm.dll+0x35846e]
V  [jvm.dll+0x35869f]
V  [jvm.dll+0x2d83e8]
V  [jvm.dll+0x2d9354]
V  [jvm.dll+0x7a3911]
V  [jvm.dll+0x3662c1]
V  [jvm.dll+0x782d7c]
V  [jvm.dll+0x3e8c1f]
V  [jvm.dll+0x3ea6c1]
C  [jli.dll+0x527b]
C  [ucrtbase.dll+0x29363]
C  [KERNEL32.DLL+0x126bd]
C  [ntdll.dll+0x5dfb8]


---------------  P R O C E S S  ---------------

Threads class SMR info:
_java_thread_list=0x00007ffcf95fa858, length=0, elements={
}

Java Threads: ( => current thread )

Other Threads:
  0x000001af23864e60 GCTaskThread "GC Thread#0" [stack: 0x00000050d6000000,0x00000050d6100000] [id=23756]
  0x000001af238755d0 ConcurrentGCThread "G1 Main Marker" [stack: 0x00000050d6100000,0x00000050d6200000] [id=16972]
  0x000001af23875df0 ConcurrentGCThread "G1 Conc#0" [stack: 0x00000050d6200000,0x00000050d6300000] [id=22564]

[error occurred during error reporting (printing all threads), id 0xc0000005, EXCEPTION_ACCESS_VIOLATION (0xc0000005) at pc=0x00007ffcf8e48dd7]

VM state: not at safepoint (not fully initialized)

VM Mutex/Monitor currently owned by a thread:  ([mutex/lock_event])
[0x000001af23806410] Heap_lock - owner thread: 0x000001af2380b520

Heap address: 0x0000000083a00000, size: 1990 MB, Compressed Oops mode: 32-bit

CDS archive(s) mapped at: [0x0000000000000000-0x0000000000000000-0x0000000000000000), size 0, SharedBaseAddress: 0x0000000800000000, ArchiveRelocationMode: 0.
Narrow klass base: 0x0000000000000000, Narrow klass shift: 0, Narrow klass range: 0x0

GC Precious Log:
<Empty>

Heap:
 garbage-first heap   total 0K, used 0K [0x0000000083a00000, 0x0000000100000000)
  region size 1024K, 0 young (0K), 0 survivors (0K)

[error occurred during error reporting (printing heap information), id 0xc0000005, EXCEPTION_ACCESS_VIOLATION (0xc0000005) at pc=0x00007ffcf922b869]

GC Heap History (0 events):
No events

Deoptimization events (0 events):
No events

Classes unloaded (0 events):
No events

Classes redefined (0 events):
No events

Internal exceptions (0 events):
No events

VM Operations (0 events):
No events

Events (1 events):
Event: 0.006 Loaded shared library C:\Program Files\Java\jdk-17.0.4.1\bin\java.dll


Dynamic libraries:
0x00007ff731e50000 - 0x00007ff731e60000 	C:\Program Files\Java\jdk-17.0.4.1\bin\java.exe
0x00007ffd37f90000 - 0x00007ffd381a4000 	C:\WINDOWS\SYSTEM32\ntdll.dll
0x00007ffd37a50000 - 0x00007ffd37b13000 	C:\WINDOWS\System32\KERNEL32.DLL
0x00007ffd35700000 - 0x00007ffd35a9d000 	C:\WINDOWS\System32\KERNELBASE.dll
0x00007ffd355e0000 - 0x00007ffd356f1000 	C:\WINDOWS\System32\ucrtbase.dll
0x00007ffd20ed0000 - 0x00007ffd20eea000 	C:\Program Files\Java\jdk-17.0.4.1\bin\VCRUNTIME140.dll
0x00007ffd1b000000 - 0x00007ffd1b018000 	C:\Program Files\Java\jdk-17.0.4.1\bin\jli.dll
0x00007ffd36a90000 - 0x00007ffd36b3e000 	C:\WINDOWS\System32\ADVAPI32.dll
0x00007ffd361a0000 - 0x00007ffd36247000 	C:\WINDOWS\System32\msvcrt.dll
0x00007ffd37b20000 - 0x00007ffd37bc4000 	C:\WINDOWS\System32\sechost.dll
0x00007ffd36cb0000 - 0x00007ffd36dc5000 	C:\WINDOWS\System32\RPCRT4.dll
0x00007ffd37d40000 - 0x00007ffd37eed000 	C:\WINDOWS\System32\USER32.dll
0x00007ffd35aa0000 - 0x00007ffd35ac6000 	C:\WINDOWS\System32\win32u.dll
0x00007ffd18bc0000 - 0x00007ffd18e4e000 	C:\WINDOWS\WinSxS\amd64_microsoft.windows.common-controls_6595b64144ccf1df_6.0.22621.608_none_a9444ca7c10bb01d\COMCTL32.dll
0x00007ffd36b40000 - 0x00007ffd36b69000 	C:\WINDOWS\System32\GDI32.dll
0x00007ffd35ad0000 - 0x00007ffd35be2000 	C:\WINDOWS\System32\gdi32full.dll
0x00007ffd35ce0000 - 0x00007ffd35d7a000 	C:\WINDOWS\System32\msvcp_win.dll
0x00007ffd29d80000 - 0x00007ffd29d8a000 	C:\WINDOWS\SYSTEM32\VERSION.dll
0x00007ffd36c70000 - 0x00007ffd36ca2000 	C:\WINDOWS\System32\IMM32.DLL
0x00007ffd1f7a0000 - 0x00007ffd1f7ac000 	C:\Program Files\Java\jdk-17.0.4.1\bin\vcruntime140_1.dll
0x00007ffd174e0000 - 0x00007ffd1756d000 	C:\Program Files\Java\jdk-17.0.4.1\bin\msvcp140.dll
0x00007ffcf8b60000 - 0x00007ffcf9722000 	C:\Program Files\Java\jdk-17.0.4.1\bin\server\jvm.dll
0x00007ffd37790000 - 0x00007ffd37798000 	C:\WINDOWS\System32\PSAPI.DLL
0x00007ffd2a5c0000 - 0x00007ffd2a5c9000 	C:\WINDOWS\SYSTEM32\WSOCK32.dll
0x00007ffd29e30000 - 0x00007ffd29e64000 	C:\WINDOWS\SYSTEM32\WINMM.dll
0x00007ffd37c30000 - 0x00007ffd37ca1000 	C:\WINDOWS\System32\WS2_32.dll
0x00007ffd34410000 - 0x00007ffd34428000 	C:\WINDOWS\SYSTEM32\kernel.appcore.dll
0x00007ffd1d960000 - 0x00007ffd1d96a000 	C:\Program Files\Java\jdk-17.0.4.1\bin\jimage.dll
0x00007ffd2fda0000 - 0x00007ffd2ffce000 	C:\WINDOWS\SYSTEM32\DBGHELP.DLL
0x00007ffd35df0000 - 0x00007ffd3617a000 	C:\WINDOWS\System32\combase.dll
0x00007ffd37970000 - 0x00007ffd37a47000 	C:\WINDOWS\System32\OLEAUT32.dll
0x00007ffd1fac0000 - 0x00007ffd1faf2000 	C:\WINDOWS\SYSTEM32\dbgcore.DLL
0x00007ffd35c60000 - 0x00007ffd35cdb000 	C:\WINDOWS\System32\bcryptPrimitives.dll
0x00007ffd17690000 - 0x00007ffd176b5000 	C:\Program Files\Java\jdk-17.0.4.1\bin\java.dll

dbghelp: loaded successfully - version: 4.0.5 - missing functions: none
symbol engine: initialized successfully - sym options: 0x614 - pdb path: .;C:\Program Files\Java\jdk-17.0.4.1\bin;C:\WINDOWS\SYSTEM32;C:\WINDOWS\WinSxS\amd64_microsoft.windows.common-controls_6595b64144ccf1df_6.0.22621.608_none_a9444ca7c10bb01d;C:\Program Files\Java\jdk-17.0.4.1\bin\server

VM Arguments:
jvm_args: -Dfile.encoding=UTF-8 --module-path=D:\project14\project13\project\build\classes 
java_command: Searchroom
java_class_path (initial): C:\Users\UseR\Downloads\mysql-connector-java-8.0.28.jar;C:\rs2xml.jar;D:\project14\project13\project\build\classes
Launcher Type: SUN_STANDARD

[Global flags]
     intx CICompilerCount                          = 4                                         {product} {ergonomic}
     uint ConcGCThreads                            = 3                                         {product} {ergonomic}
     uint G1ConcRefinementThreads                  = 10                                        {product} {ergonomic}
   size_t G1HeapRegionSize                         = 1048576                                   {product} {ergonomic}
    uintx GCDrainStackTargetSize                   = 64                                        {product} {ergonomic}
   size_t InitialHeapSize                          = 132120576                                 {product} {ergonomic}
   size_t MarkStackSize                            = 4194304                                   {product} {ergonomic}
   size_t MaxHeapSize                              = 2086666240                                {product} {ergonomic}
   size_t MinHeapDeltaBytes                        = 1048576                                   {product} {ergonomic}
   size_t MinHeapSize                              = 8388608                                   {product} {ergonomic}
    uintx NonNMethodCodeHeapSize                   = 5839372                                {pd product} {ergonomic}
    uintx NonProfiledCodeHeapSize                  = 122909434                              {pd product} {ergonomic}
    uintx ProfiledCodeHeapSize                     = 122909434                              {pd product} {ergonomic}
    uintx ReservedCodeCacheSize                    = 251658240                              {pd product} {ergonomic}
     bool SegmentedCodeCache                       = true                                      {product} {ergonomic}
   size_t SoftMaxHeapSize                          = 2086666240                             {manageable} {ergonomic}
     bool UseCompressedClassPointers               = true                           {product lp64_product} {ergonomic}
     bool UseCompressedOops                        = true                           {product lp64_product} {ergonomic}
     bool UseG1GC                                  = true                                      {product} {ergonomic}
     bool UseLargePagesIndividualAllocation        = false                                  {pd product} {ergonomic}

Logging:
Log output configuration:
 #0: stdout all=warning uptime,level,tags
 #1: stderr all=off uptime,level,tags

Environment Variables:
JAVA_HOME=C:\Program Files\Java\jdk-17.0.4.1
PATH=C:\Program Files\Common Files\Oracle\Java\javapath;C:\WINDOWS\system32;C:\WINDOWS;C:\WINDOWS\System32\Wbem;C:\WINDOWS\System32\WindowsPowerShell\v1.0\;C:\WINDOWS\System32\OpenSSH\;C:\Program Files\Java\jdk-17.0.4.1\bin;C:\Program Files\x86_64-12.2.0-release-posix-seh-rt_v10-rev0\mingw64\bin;C:\msys64\mingw64\bin;C:\msys64\usr\bin;C:\Program Files\MySQL\MySQL Shell 8.0\bin\;C:\Users\UseR\AppData\Local\Microsoft\WindowsApps;C:\Users\UseR\AppData\Local\Programs\Microsoft VS Code\bin;C:\msys64\mingw64\bin;C:\Program Files\JetBrains\IntelliJ IDEA Community Edition 2022.2.3\bin;;
USERNAME=UseR
OS=Windows_NT
PROCESSOR_IDENTIFIER=Intel64 Family 6 Model 165 Stepping 3, GenuineIntel



---------------  S Y S T E M  ---------------

OS:
 Windows 11 , 64 bit Build 22621 (10.0.22621.963)
OS uptime: 5 days 4:26 hours

CPU: total 12 (initial active 12) (6 cores per cpu, 2 threads per core) family 6 model 165 stepping 3 microcode 0xea, cx8, cmov, fxsr, ht, mmx, 3dnowpref, sse, sse2, sse3, ssse3, sse4.1, sse4.2, popcnt, lzcnt, tsc, tscinvbit, avx, avx2, aes, erms, clmul, bmi1, bmi2, adx, fma, vzeroupper, clflush, clflushopt

Memory: 4k page, system-wide physical 7954M (800M free)
TotalPageFile size 32530M (AvailPageFile size 57M)
current process WorkingSet (physical memory assigned to process): 11M, peak: 11M
current process commit charge ("private bytes"): 64M, peak: 190M

vm_info: Java HotSpot(TM) 64-Bit Server VM (17.0.4.1+1-LTS-2) for windows-amd64 JRE (17.0.4.1+1-LTS-2), built on Aug 16 2022 18:32:06 by "mach5one" with MS VC++ 16.8 / 16.9 (VS2019)

END.
