#
# There is insufficient memory for the Java Runtime Environment to continue.
# Native memory allocation (mmap) failed to map 65536 bytes for Failed to commit metaspace.
# Possible reasons:
#   The system is out of physical RAM or swap space
#   The process is running with CompressedOops enabled, and the Java Heap may be blocking the growth of the native heap
# Possible solutions:
#   Reduce memory load on the system
#   Increase physical memory or swap space
#   Check if swap backing store is full
#   Decrease Java heap size (-Xmx/-Xms)
#   Decrease number of Java threads
#   Decrease Java thread stack sizes (-Xss)
#   Set larger code cache with -XX:ReservedCodeCacheSize=
#   JVM is running with Unscaled Compressed Oops mode in which the Java heap is
#     placed in the first 4GB address space. The Java Heap base address is the
#     maximum limit for the native heap growth. Please use -XX:HeapBaseMinAddress
#     to set the Java Heap base and to place the Java Heap above 4GB virtual address.
# This output file may be truncated or incomplete.
#
#  Out of Memory Error (virtualSpaceNode.cpp:110), pid=27460, tid=26620
#
# JRE version: Java(TM) SE Runtime Environment (17.0.4.1+1) (build 17.0.4.1+1-LTS-2)
# Java VM: Java HotSpot(TM) 64-Bit Server VM (17.0.4.1+1-LTS-2, mixed mode, sharing, tiered, compressed oops, compressed class ptrs, g1 gc, windows-amd64)
# No core dump will be written. Minidumps are not enabled by default on client versions of Windows
#

---------------  S U M M A R Y ------------

Command Line: -Dfile.encoding=UTF-8 --module-path=D:\project14\project13\project\build\classes RoomdeatilsAdmin

Host: Intel(R) Core(TM) i5-10500T CPU @ 2.30GHz, 12 cores, 7G,  Windows 11 , 64 bit Build 22621 (10.0.22621.963)
Time: Fri Dec 16 22:33:52 2022 Bangladesh Standard Time elapsed time: 0.286036 seconds (0d 0h 0m 0s)

---------------  T H R E A D  ---------------

Current thread (0x000002085c54aad0):  JavaThread "main" [_thread_in_vm, id=26620, stack(0x000000763c200000,0x000000763c300000)]

Stack: [0x000000763c200000,0x000000763c300000]
Native frames: (J=compiled Java code, j=interpreted, Vv=VM code, C=native code)
V  [jvm.dll+0x6723ba]
V  [jvm.dll+0x7d1e34]
V  [jvm.dll+0x7d35de]
V  [jvm.dll+0x7d3c43]
V  [jvm.dll+0x243065]
V  [jvm.dll+0x7cdddb]
V  [jvm.dll+0x618166]
V  [jvm.dll+0x6181ca]
V  [jvm.dll+0x61a9da]
V  [jvm.dll+0x618b06]
V  [jvm.dll+0x622867]
V  [jvm.dll+0x1e846b]
V  [jvm.dll+0x1e89a5]
V  [jvm.dll+0x1e93df]
V  [jvm.dll+0x1de891]
V  [jvm.dll+0x538bb0]
V  [jvm.dll+0x1ef077]
V  [jvm.dll+0x74bdab]
V  [jvm.dll+0x74d152]
V  [jvm.dll+0x74d488]
V  [jvm.dll+0x23b4de]
V  [jvm.dll+0x37bb9e]
C  0x0000020863ddb7f7

Java frames: (J=compiled Java code, j=interpreted, Vv=VM code)
j  java.awt.EventQueue.<clinit>()V+20 java.desktop@17.0.4.1
v  ~StubRoutines::call_stub
j  sun.awt.SunToolkit.initEQ(Lsun/awt/AppContext;)V+0 java.desktop@17.0.4.1
j  sun.awt.SunToolkit.createNewAppContext(Ljava/lang/ThreadGroup;)Lsun/awt/AppContext;+10 java.desktop@17.0.4.1
j  sun.awt.AppContext$2.run()Ljava/lang/Void;+27 java.desktop@17.0.4.1
j  sun.awt.AppContext$2.run()Ljava/lang/Object;+1 java.desktop@17.0.4.1
j  java.security.AccessController.executePrivileged(Ljava/security/PrivilegedAction;Ljava/security/AccessControlContext;Ljava/lang/Class;)Ljava/lang/Object;+29 java.base@17.0.4.1
j  java.security.AccessController.doPrivileged(Ljava/security/PrivilegedAction;)Ljava/lang/Object;+5 java.base@17.0.4.1
j  sun.awt.AppContext.initMainAppContext()V+7 java.desktop@17.0.4.1
j  sun.awt.AppContext$3.run()Lsun/awt/AppContext;+40 java.desktop@17.0.4.1
j  sun.awt.AppContext$3.run()Ljava/lang/Object;+1 java.desktop@17.0.4.1
j  java.security.AccessController.executePrivileged(Ljava/security/PrivilegedAction;Ljava/security/AccessControlContext;Ljava/lang/Class;)Ljava/lang/Object;+29 java.base@17.0.4.1
j  java.security.AccessController.doPrivileged(Ljava/security/PrivilegedAction;)Ljava/lang/Object;+5 java.base@17.0.4.1
j  sun.awt.AppContext.getAppContext()Lsun/awt/AppContext;+42 java.desktop@17.0.4.1
j  java.awt.Component.<init>()V+135 java.desktop@17.0.4.1
j  java.awt.Container.<init>()V+1 java.desktop@17.0.4.1
j  java.awt.Window.<init>()V+1 java.desktop@17.0.4.1
j  java.awt.Frame.<init>(Ljava/lang/String;)V+1 java.desktop@17.0.4.1
j  java.awt.Frame.<init>()V+3 java.desktop@17.0.4.1
j  javax.swing.JFrame.<init>()V+1 java.desktop@17.0.4.1
j  RoomdeatilsAdmin.<init>()V+1
j  RoomdeatilsAdmin.main([Ljava/lang/String;)V+4
v  ~StubRoutines::call_stub

---------------  P R O C E S S  ---------------

Threads class SMR info:
_java_thread_list=0x000002087b4e1980, length=12, elements={
0x000002085c54aad0, 0x000002087a938d20, 0x000002087a9397e0, 0x000002087a94ec70,
0x000002087a94f530, 0x000002087a94fdf0, 0x000002087a9506b0, 0x000002087a9522b0,
0x000002087a9531c0, 0x000002087a953ac0, 0x000002087a922610, 0x000002087b515440
}

Java Threads: ( => current thread )
=>0x000002085c54aad0 JavaThread "main" [_thread_in_vm, id=26620, stack(0x000000763c200000,0x000000763c300000)]
  0x000002087a938d20 JavaThread "Reference Handler" daemon [_thread_blocked, id=27240, stack(0x000000763c900000,0x000000763ca00000)]
  0x000002087a9397e0 JavaThread "Finalizer" daemon [_thread_blocked, id=27236, stack(0x000000763ca00000,0x000000763cb00000)]
  0x000002087a94ec70 JavaThread "Signal Dispatcher" daemon [_thread_blocked, id=8964, stack(0x000000763cb00000,0x000000763cc00000)]
  0x000002087a94f530 JavaThread "Attach Listener" daemon [_thread_blocked, id=27412, stack(0x000000763cc00000,0x000000763cd00000)]
  0x000002087a94fdf0 JavaThread "Service Thread" daemon [_thread_blocked, id=28144, stack(0x000000763cd00000,0x000000763ce00000)]
  0x000002087a9506b0 JavaThread "Monitor Deflation Thread" daemon [_thread_blocked, id=26760, stack(0x000000763ce00000,0x000000763cf00000)]
  0x000002087a9522b0 JavaThread "C2 CompilerThread0" daemon [_thread_blocked, id=24388, stack(0x000000763cf00000,0x000000763d000000)]
  0x000002087a9531c0 JavaThread "C1 CompilerThread0" daemon [_thread_blocked, id=24628, stack(0x000000763d000000,0x000000763d100000)]
  0x000002087a953ac0 JavaThread "Sweeper thread" daemon [_thread_blocked, id=28148, stack(0x000000763d100000,0x000000763d200000)]
  0x000002087a922610 JavaThread "Common-Cleaner" daemon [_thread_blocked, id=27472, stack(0x000000763d200000,0x000000763d300000)]
  0x000002087b515440 JavaThread "Notification Thread" daemon [_thread_blocked, id=25272, stack(0x000000763d300000,0x000000763d400000)]

Other Threads:
  0x000002087a935380 VMThread "VM Thread" [stack: 0x000000763c800000,0x000000763c900000] [id=9196]
  0x000002085c5bc170 WatcherThread [stack: 0x000000763d400000,0x000000763d500000] [id=27116]
  0x000002085c5a4610 GCTaskThread "GC Thread#0" [stack: 0x000000763c300000,0x000000763c400000] [id=27284]
  0x000002085c5b4e80 ConcurrentGCThread "G1 Main Marker" [stack: 0x000000763c400000,0x000000763c500000] [id=27040]
  0x000002085c5b57a0 ConcurrentGCThread "G1 Conc#0" [stack: 0x000000763c500000,0x000000763c600000] [id=27048]
  0x000002087a7f20c0 ConcurrentGCThread "G1 Refine#0" [stack: 0x000000763c600000,0x000000763c700000] [id=27988]
  0x000002087a7f38a0 ConcurrentGCThread "G1 Service" [stack: 0x000000763c700000,0x000000763c800000] [id=27504]

Threads with active compile tasks:

VM state: not at safepoint (normal execution)

VM Mutex/Monitor currently owned by a thread:  ([mutex/lock_event])
[0x000002085c545190] Metaspace_lock - owner thread: 0x000002085c54aad0

Heap address: 0x0000000083a00000, size: 1990 MB, Compressed Oops mode: 32-bit

CDS archive(s) mapped at: [0x0000000800000000-0x0000000800bc0000-0x0000000800bc0000), size 12320768, SharedBaseAddress: 0x0000000800000000, ArchiveRelocationMode: 0.
Compressed class space mapped at: 0x0000000800c00000-0x0000000840c00000, reserved size: 1073741824
Narrow klass base: 0x0000000800000000, Narrow klass shift: 0, Narrow klass range: 0x100000000

GC Precious Log:
 CPUs: 12 total, 12 available
 Memory: 7954M
 Large Page Support: Disabled
 NUMA Support: Disabled
 Compressed Oops: Enabled (32-bit)
 Heap Region Size: 1M
 Heap Min Capacity: 8M
 Heap Initial Capacity: 126M
 Heap Max Capacity: 1990M
 Pre-touch: Disabled
 Parallel Workers: 10
 Concurrent Workers: 3
 Concurrent Refinement Workers: 10
 Periodic GC: Disabled

Heap:
 garbage-first heap   total 129024K, used 1024K [0x0000000083a00000, 0x0000000100000000)
  region size 1024K, 3 young (3072K), 0 survivors (0K)
 Metaspace       used 1860K, committed 1984K, reserved 1056768K
  class space    used 159K, committed 256K, reserved 1048576K

Heap Regions: E=young(eden), S=young(survivor), O=old, HS=humongous(starts), HC=humongous(continues), CS=collection set, F=free, OA=open archive, CA=closed archive, TAMS=top-at-mark-start (previous, next)
|   0|0x0000000083a00000, 0x0000000083a00000, 0x0000000083b00000|  0%| F|  |TAMS 0x0000000083a00000, 0x0000000083a00000| Untracked 
|   1|0x0000000083b00000, 0x0000000083b00000, 0x0000000083c00000|  0%| F|  |TAMS 0x0000000083b00000, 0x0000000083b00000| Untracked 
|   2|0x0000000083c00000, 0x0000000083c00000, 0x0000000083d00000|  0%| F|  |TAMS 0x0000000083c00000, 0x0000000083c00000| Untracked 
|   3|0x0000000083d00000, 0x0000000083d00000, 0x0000000083e00000|  0%| F|  |TAMS 0x0000000083d00000, 0x0000000083d00000| Untracked 
|   4|0x0000000083e00000, 0x0000000083e00000, 0x0000000083f00000|  0%| F|  |TAMS 0x0000000083e00000, 0x0000000083e00000| Untracked 
|   5|0x0000000083f00000, 0x0000000083f00000, 0x0000000084000000|  0%| F|  |TAMS 0x0000000083f00000, 0x0000000083f00000| Untracked 
|   6|0x0000000084000000, 0x0000000084000000, 0x0000000084100000|  0%| F|  |TAMS 0x0000000084000000, 0x0000000084000000| Untracked 
|   7|0x0000000084100000, 0x0000000084100000, 0x0000000084200000|  0%| F|  |TAMS 0x0000000084100000, 0x0000000084100000| Untracked 
|   8|0x0000000084200000, 0x0000000084200000, 0x0000000084300000|  0%| F|  |TAMS 0x0000000084200000, 0x0000000084200000| Untracked 
|   9|0x0000000084300000, 0x0000000084300000, 0x0000000084400000|  0%| F|  |TAMS 0x0000000084300000, 0x0000000084300000| Untracked 
|  10|0x0000000084400000, 0x0000000084400000, 0x0000000084500000|  0%| F|  |TAMS 0x0000000084400000, 0x0000000084400000| Untracked 
|  11|0x0000000084500000, 0x0000000084500000, 0x0000000084600000|  0%| F|  |TAMS 0x0000000084500000, 0x0000000084500000| Untracked 
|  12|0x0000000084600000, 0x0000000084600000, 0x0000000084700000|  0%| F|  |TAMS 0x0000000084600000, 0x0000000084600000| Untracked 
|  13|0x0000000084700000, 0x0000000084700000, 0x0000000084800000|  0%| F|  |TAMS 0x0000000084700000, 0x0000000084700000| Untracked 
|  14|0x0000000084800000, 0x0000000084800000, 0x0000000084900000|  0%| F|  |TAMS 0x0000000084800000, 0x0000000084800000| Untracked 
|  15|0x0000000084900000, 0x0000000084900000, 0x0000000084a00000|  0%| F|  |TAMS 0x0000000084900000, 0x0000000084900000| Untracked 
|  16|0x0000000084a00000, 0x0000000084a00000, 0x0000000084b00000|  0%| F|  |TAMS 0x0000000084a00000, 0x0000000084a00000| Untracked 
|  17|0x0000000084b00000, 0x0000000084b00000, 0x0000000084c00000|  0%| F|  |TAMS 0x0000000084b00000, 0x0000000084b00000| Untracked 
|  18|0x0000000084c00000, 0x0000000084c00000, 0x0000000084d00000|  0%| F|  |TAMS 0x0000000084c00000, 0x0000000084c00000| Untracked 
|  19|0x0000000084d00000, 0x0000000084d00000, 0x0000000084e00000|  0%| F|  |TAMS 0x0000000084d00000, 0x0000000084d00000| Untracked 
|  20|0x0000000084e00000, 0x0000000084e00000, 0x0000000084f00000|  0%| F|  |TAMS 0x0000000084e00000, 0x0000000084e00000| Untracked 
|  21|0x0000000084f00000, 0x0000000084f00000, 0x0000000085000000|  0%| F|  |TAMS 0x0000000084f00000, 0x0000000084f00000| Untracked 
|  22|0x0000000085000000, 0x0000000085000000, 0x0000000085100000|  0%| F|  |TAMS 0x0000000085000000, 0x0000000085000000| Untracked 
|  23|0x0000000085100000, 0x0000000085100000, 0x0000000085200000|  0%| F|  |TAMS 0x0000000085100000, 0x0000000085100000| Untracked 
|  24|0x0000000085200000, 0x0000000085200000, 0x0000000085300000|  0%| F|  |TAMS 0x0000000085200000, 0x0000000085200000| Untracked 
|  25|0x0000000085300000, 0x0000000085300000, 0x0000000085400000|  0%| F|  |TAMS 0x0000000085300000, 0x0000000085300000| Untracked 
|  26|0x0000000085400000, 0x0000000085400000, 0x0000000085500000|  0%| F|  |TAMS 0x0000000085400000, 0x0000000085400000| Untracked 
|  27|0x0000000085500000, 0x0000000085500000, 0x0000000085600000|  0%| F|  |TAMS 0x0000000085500000, 0x0000000085500000| Untracked 
|  28|0x0000000085600000, 0x0000000085600000, 0x0000000085700000|  0%| F|  |TAMS 0x0000000085600000, 0x0000000085600000| Untracked 
|  29|0x0000000085700000, 0x0000000085700000, 0x0000000085800000|  0%| F|  |TAMS 0x0000000085700000, 0x0000000085700000| Untracked 
|  30|0x0000000085800000, 0x0000000085800000, 0x0000000085900000|  0%| F|  |TAMS 0x0000000085800000, 0x0000000085800000| Untracked 
|  31|0x0000000085900000, 0x0000000085900000, 0x0000000085a00000|  0%| F|  |TAMS 0x0000000085900000, 0x0000000085900000| Untracked 
|  32|0x0000000085a00000, 0x0000000085a00000, 0x0000000085b00000|  0%| F|  |TAMS 0x0000000085a00000, 0x0000000085a00000| Untracked 
|  33|0x0000000085b00000, 0x0000000085b00000, 0x0000000085c00000|  0%| F|  |TAMS 0x0000000085b00000, 0x0000000085b00000| Untracked 
|  34|0x0000000085c00000, 0x0000000085c00000, 0x0000000085d00000|  0%| F|  |TAMS 0x0000000085c00000, 0x0000000085c00000| Untracked 
|  35|0x0000000085d00000, 0x0000000085d00000, 0x0000000085e00000|  0%| F|  |TAMS 0x0000000085d00000, 0x0000000085d00000| Untracked 
|  36|0x0000000085e00000, 0x0000000085e00000, 0x0000000085f00000|  0%| F|  |TAMS 0x0000000085e00000, 0x0000000085e00000| Untracked 
|  37|0x0000000085f00000, 0x0000000085f00000, 0x0000000086000000|  0%| F|  |TAMS 0x0000000085f00000, 0x0000000085f00000| Untracked 
|  38|0x0000000086000000, 0x0000000086000000, 0x0000000086100000|  0%| F|  |TAMS 0x0000000086000000, 0x0000000086000000| Untracked 
|  39|0x0000000086100000, 0x0000000086100000, 0x0000000086200000|  0%| F|  |TAMS 0x0000000086100000, 0x0000000086100000| Untracked 
|  40|0x0000000086200000, 0x0000000086200000, 0x0000000086300000|  0%| F|  |TAMS 0x0000000086200000, 0x0000000086200000| Untracked 
|  41|0x0000000086300000, 0x0000000086300000, 0x0000000086400000|  0%| F|  |TAMS 0x0000000086300000, 0x0000000086300000| Untracked 
|  42|0x0000000086400000, 0x0000000086400000, 0x0000000086500000|  0%| F|  |TAMS 0x0000000086400000, 0x0000000086400000| Untracked 
|  43|0x0000000086500000, 0x0000000086500000, 0x0000000086600000|  0%| F|  |TAMS 0x0000000086500000, 0x0000000086500000| Untracked 
|  44|0x0000000086600000, 0x0000000086600000, 0x0000000086700000|  0%| F|  |TAMS 0x0000000086600000, 0x0000000086600000| Untracked 
|  45|0x0000000086700000, 0x0000000086700000, 0x0000000086800000|  0%| F|  |TAMS 0x0000000086700000, 0x0000000086700000| Untracked 
|  46|0x0000000086800000, 0x0000000086800000, 0x0000000086900000|  0%| F|  |TAMS 0x0000000086800000, 0x0000000086800000| Untracked 
|  47|0x0000000086900000, 0x0000000086900000, 0x0000000086a00000|  0%| F|  |TAMS 0x0000000086900000, 0x0000000086900000| Untracked 
|  48|0x0000000086a00000, 0x0000000086a00000, 0x0000000086b00000|  0%| F|  |TAMS 0x0000000086a00000, 0x0000000086a00000| Untracked 
|  49|0x0000000086b00000, 0x0000000086b00000, 0x0000000086c00000|  0%| F|  |TAMS 0x0000000086b00000, 0x0000000086b00000| Untracked 
|  50|0x0000000086c00000, 0x0000000086c00000, 0x0000000086d00000|  0%| F|  |TAMS 0x0000000086c00000, 0x0000000086c00000| Untracked 
|  51|0x0000000086d00000, 0x0000000086d00000, 0x0000000086e00000|  0%| F|  |TAMS 0x0000000086d00000, 0x0000000086d00000| Untracked 
|  52|0x0000000086e00000, 0x0000000086e00000, 0x0000000086f00000|  0%| F|  |TAMS 0x0000000086e00000, 0x0000000086e00000| Untracked 
|  53|0x0000000086f00000, 0x0000000086f00000, 0x0000000087000000|  0%| F|  |TAMS 0x0000000086f00000, 0x0000000086f00000| Untracked 
|  54|0x0000000087000000, 0x0000000087000000, 0x0000000087100000|  0%| F|  |TAMS 0x0000000087000000, 0x0000000087000000| Untracked 
|  55|0x0000000087100000, 0x0000000087100000, 0x0000000087200000|  0%| F|  |TAMS 0x0000000087100000, 0x0000000087100000| Untracked 
|  56|0x0000000087200000, 0x0000000087200000, 0x0000000087300000|  0%| F|  |TAMS 0x0000000087200000, 0x0000000087200000| Untracked 
|  57|0x0000000087300000, 0x0000000087300000, 0x0000000087400000|  0%| F|  |TAMS 0x0000000087300000, 0x0000000087300000| Untracked 
|  58|0x0000000087400000, 0x0000000087400000, 0x0000000087500000|  0%| F|  |TAMS 0x0000000087400000, 0x0000000087400000| Untracked 
|  59|0x0000000087500000, 0x0000000087500000, 0x0000000087600000|  0%| F|  |TAMS 0x0000000087500000, 0x0000000087500000| Untracked 
|  60|0x0000000087600000, 0x0000000087600000, 0x0000000087700000|  0%| F|  |TAMS 0x0000000087600000, 0x0000000087600000| Untracked 
|  61|0x0000000087700000, 0x0000000087700000, 0x0000000087800000|  0%| F|  |TAMS 0x0000000087700000, 0x0000000087700000| Untracked 
|  62|0x0000000087800000, 0x0000000087800000, 0x0000000087900000|  0%| F|  |TAMS 0x0000000087800000, 0x0000000087800000| Untracked 
|  63|0x0000000087900000, 0x0000000087900000, 0x0000000087a00000|  0%| F|  |TAMS 0x0000000087900000, 0x0000000087900000| Untracked 
|  64|0x0000000087a00000, 0x0000000087a00000, 0x0000000087b00000|  0%| F|  |TAMS 0x0000000087a00000, 0x0000000087a00000| Untracked 
|  65|0x0000000087b00000, 0x0000000087b00000, 0x0000000087c00000|  0%| F|  |TAMS 0x0000000087b00000, 0x0000000087b00000| Untracked 
|  66|0x0000000087c00000, 0x0000000087c00000, 0x0000000087d00000|  0%| F|  |TAMS 0x0000000087c00000, 0x0000000087c00000| Untracked 
|  67|0x0000000087d00000, 0x0000000087d00000, 0x0000000087e00000|  0%| F|  |TAMS 0x0000000087d00000, 0x0000000087d00000| Untracked 
|  68|0x0000000087e00000, 0x0000000087e00000, 0x0000000087f00000|  0%| F|  |TAMS 0x0000000087e00000, 0x0000000087e00000| Untracked 
|  69|0x0000000087f00000, 0x0000000087f00000, 0x0000000088000000|  0%| F|  |TAMS 0x0000000087f00000, 0x0000000087f00000| Untracked 
|  70|0x0000000088000000, 0x0000000088000000, 0x0000000088100000|  0%| F|  |TAMS 0x0000000088000000, 0x0000000088000000| Untracked 
|  71|0x0000000088100000, 0x0000000088100000, 0x0000000088200000|  0%| F|  |TAMS 0x0000000088100000, 0x0000000088100000| Untracked 
|  72|0x0000000088200000, 0x0000000088200000, 0x0000000088300000|  0%| F|  |TAMS 0x0000000088200000, 0x0000000088200000| Untracked 
|  73|0x0000000088300000, 0x0000000088300000, 0x0000000088400000|  0%| F|  |TAMS 0x0000000088300000, 0x0000000088300000| Untracked 
|  74|0x0000000088400000, 0x0000000088400000, 0x0000000088500000|  0%| F|  |TAMS 0x0000000088400000, 0x0000000088400000| Untracked 
|  75|0x0000000088500000, 0x0000000088500000, 0x0000000088600000|  0%| F|  |TAMS 0x0000000088500000, 0x0000000088500000| Untracked 
|  76|0x0000000088600000, 0x0000000088600000, 0x0000000088700000|  0%| F|  |TAMS 0x0000000088600000, 0x0000000088600000| Untracked 
|  77|0x0000000088700000, 0x0000000088700000, 0x0000000088800000|  0%| F|  |TAMS 0x0000000088700000, 0x0000000088700000| Untracked 
|  78|0x0000000088800000, 0x0000000088800000, 0x0000000088900000|  0%| F|  |TAMS 0x0000000088800000, 0x0000000088800000| Untracked 
|  79|0x0000000088900000, 0x0000000088900000, 0x0000000088a00000|  0%| F|  |TAMS 0x0000000088900000, 0x0000000088900000| Untracked 
|  80|0x0000000088a00000, 0x0000000088a00000, 0x0000000088b00000|  0%| F|  |TAMS 0x0000000088a00000, 0x0000000088a00000| Untracked 
|  81|0x0000000088b00000, 0x0000000088b00000, 0x0000000088c00000|  0%| F|  |TAMS 0x0000000088b00000, 0x0000000088b00000| Untracked 
|  82|0x0000000088c00000, 0x0000000088c00000, 0x0000000088d00000|  0%| F|  |TAMS 0x0000000088c00000, 0x0000000088c00000| Untracked 
|  83|0x0000000088d00000, 0x0000000088d00000, 0x0000000088e00000|  0%| F|  |TAMS 0x0000000088d00000, 0x0000000088d00000| Untracked 
|  84|0x0000000088e00000, 0x0000000088e00000, 0x0000000088f00000|  0%| F|  |TAMS 0x0000000088e00000, 0x0000000088e00000| Untracked 
|  85|0x0000000088f00000, 0x0000000088f00000, 0x0000000089000000|  0%| F|  |TAMS 0x0000000088f00000, 0x0000000088f00000| Untracked 
|  86|0x0000000089000000, 0x0000000089000000, 0x0000000089100000|  0%| F|  |TAMS 0x0000000089000000, 0x0000000089000000| Untracked 
|  87|0x0000000089100000, 0x0000000089100000, 0x0000000089200000|  0%| F|  |TAMS 0x0000000089100000, 0x0000000089100000| Untracked 
|  88|0x0000000089200000, 0x0000000089200000, 0x0000000089300000|  0%| F|  |TAMS 0x0000000089200000, 0x0000000089200000| Untracked 
|  89|0x0000000089300000, 0x0000000089300000, 0x0000000089400000|  0%| F|  |TAMS 0x0000000089300000, 0x0000000089300000| Untracked 
|  90|0x0000000089400000, 0x0000000089400000, 0x0000000089500000|  0%| F|  |TAMS 0x0000000089400000, 0x0000000089400000| Untracked 
|  91|0x0000000089500000, 0x0000000089500000, 0x0000000089600000|  0%| F|  |TAMS 0x0000000089500000, 0x0000000089500000| Untracked 
|  92|0x0000000089600000, 0x0000000089600000, 0x0000000089700000|  0%| F|  |TAMS 0x0000000089600000, 0x0000000089600000| Untracked 
|  93|0x0000000089700000, 0x0000000089700000, 0x0000000089800000|  0%| F|  |TAMS 0x0000000089700000, 0x0000000089700000| Untracked 
|  94|0x0000000089800000, 0x0000000089800000, 0x0000000089900000|  0%| F|  |TAMS 0x0000000089800000, 0x0000000089800000| Untracked 
|  95|0x0000000089900000, 0x0000000089900000, 0x0000000089a00000|  0%| F|  |TAMS 0x0000000089900000, 0x0000000089900000| Untracked 
|  96|0x0000000089a00000, 0x0000000089a00000, 0x0000000089b00000|  0%| F|  |TAMS 0x0000000089a00000, 0x0000000089a00000| Untracked 
|  97|0x0000000089b00000, 0x0000000089b00000, 0x0000000089c00000|  0%| F|  |TAMS 0x0000000089b00000, 0x0000000089b00000| Untracked 
|  98|0x0000000089c00000, 0x0000000089c00000, 0x0000000089d00000|  0%| F|  |TAMS 0x0000000089c00000, 0x0000000089c00000| Untracked 
|  99|0x0000000089d00000, 0x0000000089d00000, 0x0000000089e00000|  0%| F|  |TAMS 0x0000000089d00000, 0x0000000089d00000| Untracked 
| 100|0x0000000089e00000, 0x0000000089e00000, 0x0000000089f00000|  0%| F|  |TAMS 0x0000000089e00000, 0x0000000089e00000| Untracked 
| 101|0x0000000089f00000, 0x0000000089f00000, 0x000000008a000000|  0%| F|  |TAMS 0x0000000089f00000, 0x0000000089f00000| Untracked 
| 102|0x000000008a000000, 0x000000008a000000, 0x000000008a100000|  0%| F|  |TAMS 0x000000008a000000, 0x000000008a000000| Untracked 
| 103|0x000000008a100000, 0x000000008a100000, 0x000000008a200000|  0%| F|  |TAMS 0x000000008a100000, 0x000000008a100000| Untracked 
| 104|0x000000008a200000, 0x000000008a200000, 0x000000008a300000|  0%| F|  |TAMS 0x000000008a200000, 0x000000008a200000| Untracked 
| 105|0x000000008a300000, 0x000000008a300000, 0x000000008a400000|  0%| F|  |TAMS 0x000000008a300000, 0x000000008a300000| Untracked 
| 106|0x000000008a400000, 0x000000008a400000, 0x000000008a500000|  0%| F|  |TAMS 0x000000008a400000, 0x000000008a400000| Untracked 
| 107|0x000000008a500000, 0x000000008a500000, 0x000000008a600000|  0%| F|  |TAMS 0x000000008a500000, 0x000000008a500000| Untracked 
| 108|0x000000008a600000, 0x000000008a600000, 0x000000008a700000|  0%| F|  |TAMS 0x000000008a600000, 0x000000008a600000| Untracked 
| 109|0x000000008a700000, 0x000000008a700000, 0x000000008a800000|  0%| F|  |TAMS 0x000000008a700000, 0x000000008a700000| Untracked 
| 110|0x000000008a800000, 0x000000008a800000, 0x000000008a900000|  0%| F|  |TAMS 0x000000008a800000, 0x000000008a800000| Untracked 
| 111|0x000000008a900000, 0x000000008a900000, 0x000000008aa00000|  0%| F|  |TAMS 0x000000008a900000, 0x000000008a900000| Untracked 
| 112|0x000000008aa00000, 0x000000008aa00000, 0x000000008ab00000|  0%| F|  |TAMS 0x000000008aa00000, 0x000000008aa00000| Untracked 
| 113|0x000000008ab00000, 0x000000008ab00000, 0x000000008ac00000|  0%| F|  |TAMS 0x000000008ab00000, 0x000000008ab00000| Untracked 
| 114|0x000000008ac00000, 0x000000008ac00000, 0x000000008ad00000|  0%| F|  |TAMS 0x000000008ac00000, 0x000000008ac00000| Untracked 
| 115|0x000000008ad00000, 0x000000008ad00000, 0x000000008ae00000|  0%| F|  |TAMS 0x000000008ad00000, 0x000000008ad00000| Untracked 
| 116|0x000000008ae00000, 0x000000008ae00000, 0x000000008af00000|  0%| F|  |TAMS 0x000000008ae00000, 0x000000008ae00000| Untracked 
| 117|0x000000008af00000, 0x000000008af00000, 0x000000008b000000|  0%| F|  |TAMS 0x000000008af00000, 0x000000008af00000| Untracked 
| 118|0x000000008b000000, 0x000000008b000000, 0x000000008b100000|  0%| F|  |TAMS 0x000000008b000000, 0x000000008b000000| Untracked 
| 119|0x000000008b100000, 0x000000008b100000, 0x000000008b200000|  0%| F|  |TAMS 0x000000008b100000, 0x000000008b100000| Untracked 
| 120|0x000000008b200000, 0x000000008b200000, 0x000000008b300000|  0%| F|  |TAMS 0x000000008b200000, 0x000000008b200000| Untracked 
| 121|0x000000008b300000, 0x000000008b300000, 0x000000008b400000|  0%| F|  |TAMS 0x000000008b300000, 0x000000008b300000| Untracked 
| 122|0x000000008b400000, 0x000000008b400000, 0x000000008b500000|  0%| F|  |TAMS 0x000000008b400000, 0x000000008b400000| Untracked 
| 123|0x000000008b500000, 0x000000008b600000, 0x000000008b600000|100%| E|  |TAMS 0x000000008b500000, 0x000000008b500000| Complete 
| 124|0x000000008b600000, 0x000000008b700000, 0x000000008b700000|100%| E|  |TAMS 0x000000008b600000, 0x000000008b600000| Complete 
| 125|0x000000008b700000, 0x000000008b800000, 0x000000008b800000|100%| E|CS|TAMS 0x000000008b700000, 0x000000008b700000| Complete 

Card table byte_map: [0x0000020873700000,0x0000020873af0000] _byte_map_base: 0x00000208732e3000

Marking Bits (Prev, Next): (CMBitMap*) 0x000002085c5a4b30, (CMBitMap*) 0x000002085c5a4b70
 Prev Bits: [0x0000020873ee0000, 0x0000020875df8000)
 Next Bits: [0x0000020875e00000, 0x0000020877d18000)

Polling page: 0x000002085a4d0000

Metaspace:

Usage:
  Non-class:      1.66 MB used.
      Class:    159.35 KB used.
       Both:      1.82 MB used.

Virtual space:
  Non-class space:        8.00 MB reserved,       1.69 MB ( 21%) committed,  1 nodes.
      Class space:        1.00 GB reserved,     256.00 KB ( <1%) committed,  1 nodes.
             Both:        1.01 GB reserved,       1.94 MB ( <1%) committed. 

Chunk freelists:
   Non-Class:  3.95 MB
       Class:  3.72 MB
        Both:  7.68 MB

MaxMetaspaceSize: unlimited
CompressedClassSpaceSize: 1.00 GB
Initial GC threshold: 21.00 MB
Current GC threshold: 21.00 MB
CDS: on
MetaspaceReclaimPolicy: balanced
 - commit_granule_bytes: 65536.
 - commit_granule_words: 8192.
 - virtual_space_node_default_size: 1048576.
 - enlarge_chunks_in_place: 1.
 - new_chunks_are_fully_committed: 0.
 - uncommit_free_chunks: 1.
 - use_allocation_guard: 0.
 - handle_deallocations: 1.


Internal statistics:

num_allocs_failed_limit: 0.
num_arena_births: 44.
num_arena_deaths: 0.
num_vsnodes_births: 2.
num_vsnodes_deaths: 0.
num_space_committed: 31.
num_space_uncommitted: 0.
num_chunks_returned_to_freelist: 0.
num_chunks_taken_from_freelist: 47.
num_chunk_merges: 0.
num_chunk_splits: 32.
num_chunks_enlarged: 20.
num_purges: 0.
num_inconsistent_stats: 0.

CodeHeap 'non-profiled nmethods': size=120000Kb used=110Kb max_used=110Kb free=119889Kb
 bounds [0x000002086b890000, 0x000002086bb00000, 0x0000020872dc0000]
CodeHeap 'profiled nmethods': size=120000Kb used=414Kb max_used=414Kb free=119585Kb
 bounds [0x0000020864360000, 0x00000208645d0000, 0x000002086b890000]
CodeHeap 'non-nmethods': size=5760Kb used=1129Kb max_used=1129Kb free=4630Kb
 bounds [0x0000020863dc0000, 0x0000020864030000, 0x0000020864360000]
 total_blobs=747 nmethods=336 adapters=324
 compilation: enabled
              stopped_count=0, restarted_count=0
 full_count=0

Compilation events (20 events):
Event: 0.178 Thread 0x000002087a9531c0  329   !   3       java.lang.invoke.MemberName$Factory::resolve (159 bytes)
Event: 0.179 Thread 0x000002087a9531c0 nmethod 329 0x00000208643c2990 code [0x00000208643c2bc0, 0x00000208643c32c8]
Event: 0.179 Thread 0x000002087a9531c0  330       3       java.lang.StringLatin1::lastIndexOf (40 bytes)
Event: 0.179 Thread 0x000002087a9531c0 nmethod 330 0x00000208643c3610 code [0x00000208643c37e0, 0x00000208643c3bd8]
Event: 0.179 Thread 0x000002087a9531c0  311       3       java.lang.ref.WeakReference::<init> (7 bytes)
Event: 0.179 Thread 0x000002087a9531c0 nmethod 311 0x00000208643c3d10 code [0x00000208643c3ec0, 0x00000208643c4198]
Event: 0.183 Thread 0x000002087a9531c0  332       3       java.lang.invoke.MethodTypeForm::canonicalizeAll (63 bytes)
Event: 0.183 Thread 0x000002087a9531c0 nmethod 332 0x00000208643c4290 code [0x00000208643c4480, 0x00000208643c4ad8]
Event: 0.183 Thread 0x000002087a9531c0  331       3       sun.invoke.util.Wrapper::forPrimitiveType (49 bytes)
Event: 0.184 Thread 0x000002087a9531c0 nmethod 331 0x00000208643c4c90 code [0x00000208643c5000, 0x00000208643c63a8]
Event: 0.184 Thread 0x000002087a9531c0  333       3       java.lang.invoke.MethodType$ConcurrentWeakInternSet$WeakEntry::<init> (15 bytes)
Event: 0.184 Thread 0x000002087a9531c0 nmethod 333 0x00000208643c6b10 code [0x00000208643c6ce0, 0x00000208643c70e8]
Event: 0.184 Thread 0x000002087a9531c0  336       3       java.lang.reflect.Modifier::isStatic (13 bytes)
Event: 0.184 Thread 0x000002087a9531c0 nmethod 336 0x00000208643c7210 code [0x00000208643c73a0, 0x00000208643c74f8]
Event: 0.184 Thread 0x000002087a9531c0  337       3       java.lang.invoke.MemberName::isStatic (8 bytes)
Event: 0.184 Thread 0x000002087a9531c0 nmethod 337 0x00000208643c7590 code [0x00000208643c7720, 0x00000208643c78f8]
Event: 0.184 Thread 0x000002087a9531c0  335       1       java.lang.invoke.DirectMethodHandle::internalMemberName (5 bytes)
Event: 0.185 Thread 0x000002087a9531c0 nmethod 335 0x000002086b8ab590 code [0x000002086b8ab720, 0x000002086b8ab7f8]
Event: 0.185 Thread 0x000002087a9531c0  334       1       java.lang.invoke.MethodTypeForm::basicType (5 bytes)
Event: 0.185 Thread 0x000002087a9531c0 nmethod 334 0x000002086b8ab890 code [0x000002086b8aba20, 0x000002086b8abaf8]

GC Heap History (0 events):
No events

Deoptimization events (0 events):
No events

Classes unloaded (0 events):
No events

Classes redefined (0 events):
No events

Internal exceptions (8 events):
Event: 0.130 Thread 0x000002085c54aad0 Exception <a 'sun/nio/fs/WindowsException'{0x000000008b63f990}> (0x000000008b63f990) 
thrown [s\open\src\hotspot\share\prims\jni.cpp, line 516]
Event: 0.130 Thread 0x000002085c54aad0 Exception <a 'sun/nio/fs/WindowsException'{0x000000008b63fe30}> (0x000000008b63fe30) 
thrown [s\open\src\hotspot\share\prims\jni.cpp, line 516]
Event: 0.131 Thread 0x000002085c54aad0 Exception <a 'sun/nio/fs/WindowsException'{0x000000008b646090}> (0x000000008b646090) 
thrown [s\open\src\hotspot\share\prims\jni.cpp, line 516]
Event: 0.131 Thread 0x000002085c54aad0 Exception <a 'sun/nio/fs/WindowsException'{0x000000008b646a00}> (0x000000008b646a00) 
thrown [s\open\src\hotspot\share\prims\jni.cpp, line 516]
Event: 0.132 Thread 0x000002085c54aad0 Exception <a 'sun/nio/fs/WindowsException'{0x000000008b6477b8}> (0x000000008b6477b8) 
thrown [s\open\src\hotspot\share\prims\jni.cpp, line 516]
Event: 0.158 Thread 0x000002085c54aad0 Exception <a 'java/lang/ClassNotFoundException'{0x000000008b519810}: sun/awt/resources/spi/awtProvider> (0x000000008b519810) 
thrown [s\open\src\hotspot\share\classfile\systemDictionary.cpp, line 256]
Event: 0.172 Thread 0x000002085c54aad0 Exception <a 'java/io/FileNotFoundException'{0x000000008b56c848}> (0x000000008b56c848) 
thrown [s\open\src\hotspot\share\prims\jni.cpp, line 516]
Event: 0.178 Thread 0x000002085c54aad0 Exception <a 'java/io/FileNotFoundException'{0x000000008b599a10}> (0x000000008b599a10) 
thrown [s\open\src\hotspot\share\prims\jni.cpp, line 516]

VM Operations (2 events):
Event: 0.133 Executing VM operation: HandshakeAllThreads
Event: 0.133 Executing VM operation: HandshakeAllThreads done

Events (20 events):
Event: 0.186 loading class sun/awt/SunToolkit done
Event: 0.186 loading class java/util/concurrent/locks/AbstractQueuedSynchronizer$ConditionObject
Event: 0.186 loading class java/util/concurrent/locks/Condition
Event: 0.186 loading class java/util/concurrent/locks/Condition done
Event: 0.186 loading class java/util/concurrent/locks/AbstractQueuedSynchronizer$ConditionObject done
Event: 0.186 loading class sun/awt/WeakIdentityHashMap
Event: 0.186 loading class sun/awt/WeakIdentityHashMap done
Event: 0.186 loading class sun/awt/SoftCache
Event: 0.186 loading class sun/awt/SoftCache done
Event: 0.186 loading class sun/awt/AppContext$State
Event: 0.186 loading class sun/awt/AppContext$State done
Event: 0.186 loading class sun/awt/AppContext$1
Event: 0.186 loading class sun/awt/AppContext$1 done
Event: 0.186 loading class java/awt/EventQueue
Event: 0.186 loading class java/awt/EventQueue done
Event: 0.187 loading class java/awt/EventQueue$1
Event: 0.187 loading class java/awt/EventQueue$1 done
Event: 0.187 loading class java/awt/EventQueue$2
Event: 0.187 loading class sun/awt/AWTAccessor$EventQueueAccessor
Event: 0.187 loading class sun/awt/AWTAccessor$EventQueueAccessor done


Dynamic libraries:
0x00007ff6ec150000 - 0x00007ff6ec160000 	C:\Program Files\Java\jdk-17.0.4.1\bin\java.exe
0x00007ffd37f90000 - 0x00007ffd381a4000 	C:\WINDOWS\SYSTEM32\ntdll.dll
0x00007ffd37a50000 - 0x00007ffd37b13000 	C:\WINDOWS\System32\KERNEL32.DLL
0x00007ffd35700000 - 0x00007ffd35a9d000 	C:\WINDOWS\System32\KERNELBASE.dll
0x00007ffd355e0000 - 0x00007ffd356f1000 	C:\WINDOWS\System32\ucrtbase.dll
0x00007ffd2a730000 - 0x00007ffd2a74a000 	C:\Program Files\Java\jdk-17.0.4.1\bin\VCRUNTIME140.dll
0x00007ffd22010000 - 0x00007ffd22028000 	C:\Program Files\Java\jdk-17.0.4.1\bin\jli.dll
0x00007ffd36a90000 - 0x00007ffd36b3e000 	C:\WINDOWS\System32\ADVAPI32.dll
0x00007ffd361a0000 - 0x00007ffd36247000 	C:\WINDOWS\System32\msvcrt.dll
0x00007ffd37b20000 - 0x00007ffd37bc4000 	C:\WINDOWS\System32\sechost.dll
0x00007ffd36cb0000 - 0x00007ffd36dc5000 	C:\WINDOWS\System32\RPCRT4.dll
0x00007ffd37d40000 - 0x00007ffd37eed000 	C:\WINDOWS\System32\USER32.dll
0x00007ffd35aa0000 - 0x00007ffd35ac6000 	C:\WINDOWS\System32\win32u.dll
0x00007ffd18bc0000 - 0x00007ffd18e4e000 	C:\WINDOWS\WinSxS\amd64_microsoft.windows.common-controls_6595b64144ccf1df_6.0.22621.608_none_a9444ca7c10bb01d\COMCTL32.dll
0x00007ffd36b40000 - 0x00007ffd36b69000 	C:\WINDOWS\System32\GDI32.dll
0x00007ffd35ad0000 - 0x00007ffd35be2000 	C:\WINDOWS\System32\gdi32full.dll
0x00007ffd35ce0000 - 0x00007ffd35d7a000 	C:\WINDOWS\System32\msvcp_win.dll
0x00007ffd29d80000 - 0x00007ffd29d8a000 	C:\WINDOWS\SYSTEM32\VERSION.dll
0x00007ffd36c70000 - 0x00007ffd36ca2000 	C:\WINDOWS\System32\IMM32.DLL
0x00007ffd2d970000 - 0x00007ffd2d97c000 	C:\Program Files\Java\jdk-17.0.4.1\bin\vcruntime140_1.dll
0x00007ffd19730000 - 0x00007ffd197bd000 	C:\Program Files\Java\jdk-17.0.4.1\bin\msvcp140.dll
0x00007ffcc1e10000 - 0x00007ffcc29d2000 	C:\Program Files\Java\jdk-17.0.4.1\bin\server\jvm.dll
0x00007ffd37790000 - 0x00007ffd37798000 	C:\WINDOWS\System32\PSAPI.DLL
0x00007ffd29e30000 - 0x00007ffd29e64000 	C:\WINDOWS\SYSTEM32\WINMM.dll
0x00007ffd2d980000 - 0x00007ffd2d989000 	C:\WINDOWS\SYSTEM32\WSOCK32.dll
0x00007ffd37c30000 - 0x00007ffd37ca1000 	C:\WINDOWS\System32\WS2_32.dll
0x00007ffd34410000 - 0x00007ffd34428000 	C:\WINDOWS\SYSTEM32\kernel.appcore.dll
0x00007ffd2d710000 - 0x00007ffd2d71a000 	C:\Program Files\Java\jdk-17.0.4.1\bin\jimage.dll
0x00007ffd2fda0000 - 0x00007ffd2ffce000 	C:\WINDOWS\SYSTEM32\DBGHELP.DLL
0x00007ffd35df0000 - 0x00007ffd3617a000 	C:\WINDOWS\System32\combase.dll
0x00007ffd37970000 - 0x00007ffd37a47000 	C:\WINDOWS\System32\OLEAUT32.dll
0x00007ffd1fac0000 - 0x00007ffd1faf2000 	C:\WINDOWS\SYSTEM32\dbgcore.DLL
0x00007ffd35c60000 - 0x00007ffd35cdb000 	C:\WINDOWS\System32\bcryptPrimitives.dll
0x00007ffd26e70000 - 0x00007ffd26e95000 	C:\Program Files\Java\jdk-17.0.4.1\bin\java.dll
0x00007ffd05060000 - 0x00007ffd05136000 	C:\Program Files\Java\jdk-17.0.4.1\bin\jsvml.dll
0x00007ffd36e50000 - 0x00007ffd3763f000 	C:\WINDOWS\System32\SHELL32.dll
0x00007ffd333e0000 - 0x00007ffd33ca8000 	C:\WINDOWS\SYSTEM32\windows.storage.dll
0x00007ffd332a0000 - 0x00007ffd333de000 	C:\WINDOWS\SYSTEM32\wintypes.dll
0x00007ffd36b70000 - 0x00007ffd36c61000 	C:\WINDOWS\System32\SHCORE.dll
0x00007ffd37bd0000 - 0x00007ffd37c2e000 	C:\WINDOWS\System32\shlwapi.dll
0x00007ffd352e0000 - 0x00007ffd35301000 	C:\WINDOWS\SYSTEM32\profapi.dll
0x00007ffd219c0000 - 0x00007ffd219d9000 	C:\Program Files\Java\jdk-17.0.4.1\bin\net.dll
0x00007ffd2c500000 - 0x00007ffd2c62f000 	C:\WINDOWS\SYSTEM32\WINHTTP.dll
0x00007ffd34870000 - 0x00007ffd348d9000 	C:\WINDOWS\system32\mswsock.dll
0x00007ffd219a0000 - 0x00007ffd219b6000 	C:\Program Files\Java\jdk-17.0.4.1\bin\nio.dll
0x00007ffd21980000 - 0x00007ffd21998000 	C:\Program Files\Java\jdk-17.0.4.1\bin\zip.dll
0x00007ffd04ed0000 - 0x00007ffd0505f000 	C:\Program Files\Java\jdk-17.0.4.1\bin\awt.dll
0x00007ffd2f3d0000 - 0x00007ffd2f467000 	C:\WINDOWS\SYSTEM32\apphelp.dll

dbghelp: loaded successfully - version: 4.0.5 - missing functions: none
symbol engine: initialized successfully - sym options: 0x614 - pdb path: .;C:\Program Files\Java\jdk-17.0.4.1\bin;C:\WINDOWS\SYSTEM32;C:\WINDOWS\WinSxS\amd64_microsoft.windows.common-controls_6595b64144ccf1df_6.0.22621.608_none_a9444ca7c10bb01d;C:\Program Files\Java\jdk-17.0.4.1\bin\server

VM Arguments:
jvm_args: -Dfile.encoding=UTF-8 --module-path=D:\project14\project13\project\build\classes 
java_command: RoomdeatilsAdmin
java_class_path (initial): C:\Users\UseR\Downloads\mysql-connector-java-8.0.28.jar;C:\rs2xml.jar;D:\project14\project13\project\build\classes
Launcher Type: SUN_STANDARD

[Global flags]
     intx CICompilerCount                          = 4                                         {product} {ergonomic}
     uint ConcGCThreads                            = 3                                         {product} {ergonomic}
     uint G1ConcRefinementThreads                  = 10                                        {product} {ergonomic}
   size_t G1HeapRegionSize                         = 1048576                                   {product} {ergonomic}
    uintx GCDrainStackTargetSize                   = 64                                        {product} {ergonomic}
   size_t InitialHeapSize                          = 132120576                                 {product} {ergonomic}
   size_t MarkStackSize                            = 4194304                                   {product} {ergonomic}
   size_t MaxHeapSize                              = 2086666240                                {product} {ergonomic}
   size_t MaxNewSize                               = 1251999744                                {product} {ergonomic}
   size_t MinHeapDeltaBytes                        = 1048576                                   {product} {ergonomic}
   size_t MinHeapSize                              = 8388608                                   {product} {ergonomic}
    uintx NonNMethodCodeHeapSize                   = 5839372                                {pd product} {ergonomic}
    uintx NonProfiledCodeHeapSize                  = 122909434                              {pd product} {ergonomic}
    uintx ProfiledCodeHeapSize                     = 122909434                              {pd product} {ergonomic}
    uintx ReservedCodeCacheSize                    = 251658240                              {pd product} {ergonomic}
     bool SegmentedCodeCache                       = true                                      {product} {ergonomic}
   size_t SoftMaxHeapSize                          = 2086666240                             {manageable} {ergonomic}
     bool UseCompressedClassPointers               = true                           {product lp64_product} {ergonomic}
     bool UseCompressedOops                        = true                           {product lp64_product} {ergonomic}
     bool UseG1GC                                  = true                                      {product} {ergonomic}
     bool UseLargePagesIndividualAllocation        = false                                  {pd product} {ergonomic}

Logging:
Log output configuration:
 #0: stdout all=warning uptime,level,tags
 #1: stderr all=off uptime,level,tags

Environment Variables:
JAVA_HOME=C:\Program Files\Java\jdk-17.0.4.1
PATH=C:\Program Files\Common Files\Oracle\Java\javapath;C:\WINDOWS\system32;C:\WINDOWS;C:\WINDOWS\System32\Wbem;C:\WINDOWS\System32\WindowsPowerShell\v1.0\;C:\WINDOWS\System32\OpenSSH\;C:\Program Files\Java\jdk-17.0.4.1\bin;C:\Program Files\x86_64-12.2.0-release-posix-seh-rt_v10-rev0\mingw64\bin;C:\msys64\mingw64\bin;C:\msys64\usr\bin;C:\Program Files\MySQL\MySQL Shell 8.0\bin\;C:\Users\UseR\AppData\Local\Microsoft\WindowsApps;C:\Users\UseR\AppData\Local\Programs\Microsoft VS Code\bin;C:\msys64\mingw64\bin;C:\Program Files\JetBrains\IntelliJ IDEA Community Edition 2022.2.3\bin;;
USERNAME=UseR
OS=Windows_NT
PROCESSOR_IDENTIFIER=Intel64 Family 6 Model 165 Stepping 3, GenuineIntel



---------------  S Y S T E M  ---------------

OS:
 Windows 11 , 64 bit Build 22621 (10.0.22621.963)
OS uptime: 0 days 3:48 hours

CPU: total 12 (initial active 12) (6 cores per cpu, 2 threads per core) family 6 model 165 stepping 3 microcode 0xea, cx8, cmov, fxsr, ht, mmx, 3dnowpref, sse, sse2, sse3, ssse3, sse4.1, sse4.2, popcnt, lzcnt, tsc, tscinvbit, avx, avx2, aes, erms, clmul, bmi1, bmi2, adx, fma, vzeroupper, clflush, clflushopt

Memory: 4k page, system-wide physical 7954M (176M free)
TotalPageFile size 32530M (AvailPageFile size 4M)
current process WorkingSet (physical memory assigned to process): 38M, peak: 38M
current process commit charge ("private bytes"): 215M, peak: 215M

vm_info: Java HotSpot(TM) 64-Bit Server VM (17.0.4.1+1-LTS-2) for windows-amd64 JRE (17.0.4.1+1-LTS-2), built on Aug 16 2022 18:32:06 by "mach5one" with MS VC++ 16.8 / 16.9 (VS2019)

END.
